10:15:31 **** Incremental Build of configuration Debug for project usartq2 ****
make -j12 all 
arm-none-eabi-gcc "../Core/Src/main.c" -mcpu=cortex-m4 -std=gnu11 -g3 -DDEBUG -DUSE_HAL_DRIVER -DSTM32F407xx -c -I../Core/Inc -I../Drivers/STM32F4xx_HAL_Driver/Inc -I../Drivers/STM32F4xx_HAL_Driver/Inc/Legacy -I../Drivers/CMSIS/Device/ST/STM32F4xx/Include -I../Drivers/CMSIS/Include -O0 -ffunction-sections -fdata-sections -Wall -fstack-usage -fcyclomatic-complexity -MMD -MP -MF"Core/Src/main.d" -MT"Core/Src/main.o" --specs=nano.specs -mfpu=fpv4-sp-d16 -mfloat-abi=hard -mthumb -o "Core/Src/main.o"
../Core/Src/main.c: In function 'main':
../Core/Src/main.c:197:13: error: invalid storage class for function 'MX_USART2_UART_Init'
  197 | static void MX_USART2_UART_Init(void)
      |             ^~~~~~~~~~~~~~~~~~~
../Core/Src/main.c:230:13: error: invalid storage class for function 'MX_GPIO_Init'
  230 | static void MX_GPIO_Init(void)
      |             ^~~~~~~~~~~~
../Core/Src/main.c:273:1: error: expected declaration or statement at end of input
  273 | }
      | ^
../Core/Src/main.c: At top level:
../Core/Src/main.c:59:13: warning: 'MX_GPIO_Init' used but never defined
   59 | static void MX_GPIO_Init(void);
      |             ^~~~~~~~~~~~
../Core/Src/main.c:60:13: warning: 'MX_USART2_UART_Init' used but never defined
   60 | static void MX_USART2_UART_Init(void);
      |             ^~~~~~~~~~~~~~~~~~~
../Core/Src/main.c:264:6: warning: 'Error_Handler' defined but not used [-Wunused-function]
  264 | void Error_Handler(void)
      |      ^~~~~~~~~~~~~
../Core/Src/main.c:230:13: warning: 'MX_GPIO_Init' defined but not used [-Wunused-function]
  230 | static void MX_GPIO_Init(void)
      |             ^~~~~~~~~~~~
../Core/Src/main.c:197:13: warning: 'MX_USART2_UART_Init' defined but not used [-Wunused-function]
  197 | static void MX_USART2_UART_Init(void)
      |             ^~~~~~~~~~~~~~~~~~~
../Core/Src/main.c:150:6: warning: 'SystemClock_Config' defined but not used [-Wunused-function]
  150 | void SystemClock_Config(void)
      |      ^~~~~~~~~~~~~~~~~~
make: *** [Core/Src/subdir.mk:34: Core/Src/main.o] Error 1
"make -j12 all" terminated with exit code 2. Build might be incomplete.
10:44:25 **** Build of configuration Debug for project usartq3 ****
make -j12 all 
arm-none-eabi-gcc "../Drivers/STM32F4xx_HAL_Driver/Src/stm32f4xx_hal.c" -mcpu=cortex-m4 -std=gnu11 -g3 -DDEBUG -DUSE_HAL_DRIVER -DSTM32F407xx -c -I../Core/Inc -I../Drivers/STM32F4xx_HAL_Driver/Inc -I../Drivers/STM32F4xx_HAL_Driver/Inc/Legacy -I../Drivers/CMSIS/Device/ST/STM32F4xx/Include -I../Drivers/CMSIS/Include -O0 -ffunction-sections -fdata-sections -Wall -fstack-usage -fcyclomatic-complexity -MMD -MP -MF"Drivers/STM32F4xx_HAL_Driver/Src/stm32f4xx_hal.d" -MT"Drivers/STM32F4xx_HAL_Driver/Src/stm32f4xx_hal.o" --specs=nano.specs -mfpu=fpv4-sp-d16 -mfloat-abi=hard -mthumb -o "Drivers/STM32F4xx_HAL_Driver/Src/stm32f4xx_hal.o"
arm-none-eabi-gcc "../Drivers/STM32F4xx_HAL_Driver/Src/stm32f4xx_hal_cortex.c" -mcpu=cortex-m4 -std=gnu11 -g3 -DDEBUG -DUSE_HAL_DRIVER -DSTM32F407xx -c -I../Core/Inc -I../Drivers/STM32F4xx_HAL_Driver/Inc -I../Drivers/STM32F4xx_HAL_Driver/Inc/Legacy -I../Drivers/CMSIS/Device/ST/STM32F4xx/Include -I../Drivers/CMSIS/Include -O0 -ffunction-sections -fdata-sections -Wall -fstack-usage -fcyclomatic-complexity -MMD -MP -MF"Drivers/STM32F4xx_HAL_Driver/Src/stm32f4xx_hal_cortex.d" -MT"Drivers/STM32F4xx_HAL_Driver/Src/stm32f4xx_hal_cortex.o" --specs=nano.specs -mfpu=fpv4-sp-d16 -mfloat-abi=hard -mthumb -o "Drivers/STM32F4xx_HAL_Driver/Src/stm32f4xx_hal_cortex.o"
arm-none-eabi-gcc "../Drivers/STM32F4xx_HAL_Driver/Src/stm32f4xx_hal_dma.c" -mcpu=cortex-m4 -std=gnu11 -g3 -DDEBUG -DUSE_HAL_DRIVER -DSTM32F407xx -c -I../Core/Inc -I../Drivers/STM32F4xx_HAL_Driver/Inc -I../Drivers/STM32F4xx_HAL_Driver/Inc/Legacy -I../Drivers/CMSIS/Device/ST/STM32F4xx/Include -I../Drivers/CMSIS/Include -O0 -ffunction-sections -fdata-sections -Wall -fstack-usage -fcyclomatic-complexity -MMD -MP -MF"Drivers/STM32F4xx_HAL_Driver/Src/stm32f4xx_hal_dma.d" -MT"Drivers/STM32F4xx_HAL_Driver/Src/stm32f4xx_hal_dma.o" --specs=nano.specs -mfpu=fpv4-sp-d16 -mfloat-abi=hard -mthumb -o "Drivers/STM32F4xx_HAL_Driver/Src/stm32f4xx_hal_dma.o"
arm-none-eabi-gcc "../Drivers/STM32F4xx_HAL_Driver/Src/stm32f4xx_hal_dma_ex.c" -mcpu=cortex-m4 -std=gnu11 -g3 -DDEBUG -DUSE_HAL_DRIVER -DSTM32F407xx -c -I../Core/Inc -I../Drivers/STM32F4xx_HAL_Driver/Inc -I../Drivers/STM32F4xx_HAL_Driver/Inc/Legacy -I../Drivers/CMSIS/Device/ST/STM32F4xx/Include -I../Drivers/CMSIS/Include -O0 -ffunction-sections -fdata-sections -Wall -fstack-usage -fcyclomatic-complexity -MMD -MP -MF"Drivers/STM32F4xx_HAL_Driver/Src/stm32f4xx_hal_dma_ex.d" -MT"Drivers/STM32F4xx_HAL_Driver/Src/stm32f4xx_hal_dma_ex.o" --specs=nano.specs -mfpu=fpv4-sp-d16 -mfloat-abi=hard -mthumb -o "Drivers/STM32F4xx_HAL_Driver/Src/stm32f4xx_hal_dma_ex.o"
arm-none-eabi-gcc "../Drivers/STM32F4xx_HAL_Driver/Src/stm32f4xx_hal_exti.c" -mcpu=cortex-m4 -std=gnu11 -g3 -DDEBUG -DUSE_HAL_DRIVER -DSTM32F407xx -c -I../Core/Inc -I../Drivers/STM32F4xx_HAL_Driver/Inc -I../Drivers/STM32F4xx_HAL_Driver/Inc/Legacy -I../Drivers/CMSIS/Device/ST/STM32F4xx/Include -I../Drivers/CMSIS/Include -O0 -ffunction-sections -fdata-sections -Wall -fstack-usage -fcyclomatic-complexity -MMD -MP -MF"Drivers/STM32F4xx_HAL_Driver/Src/stm32f4xx_hal_exti.d" -MT"Drivers/STM32F4xx_HAL_Driver/Src/stm32f4xx_hal_exti.o" --specs=nano.specs -mfpu=fpv4-sp-d16 -mfloat-abi=hard -mthumb -o "Drivers/STM32F4xx_HAL_Driver/Src/stm32f4xx_hal_exti.o"
arm-none-eabi-gcc "../Drivers/STM32F4xx_HAL_Driver/Src/stm32f4xx_hal_flash.c" -mcpu=cortex-m4 -std=gnu11 -g3 -DDEBUG -DUSE_HAL_DRIVER -DSTM32F407xx -c -I../Core/Inc -I../Drivers/STM32F4xx_HAL_Driver/Inc -I../Drivers/STM32F4xx_HAL_Driver/Inc/Legacy -I../Drivers/CMSIS/Device/ST/STM32F4xx/Include -I../Drivers/CMSIS/Include -O0 -ffunction-sections -fdata-sections -Wall -fstack-usage -fcyclomatic-complexity -MMD -MP -MF"Drivers/STM32F4xx_HAL_Driver/Src/stm32f4xx_hal_flash.d" -MT"Drivers/STM32F4xx_HAL_Driver/Src/stm32f4xx_hal_flash.o" --specs=nano.specs -mfpu=fpv4-sp-d16 -mfloat-abi=hard -mthumb -o "Drivers/STM32F4xx_HAL_Driver/Src/stm32f4xx_hal_flash.o"
arm-none-eabi-gcc "../Drivers/STM32F4xx_HAL_Driver/Src/stm32f4xx_hal_flash_ex.c" -mcpu=cortex-m4 -std=gnu11 -g3 -DDEBUG -DUSE_HAL_DRIVER -DSTM32F407xx -c -I../Core/Inc -I../Drivers/STM32F4xx_HAL_Driver/Inc -I../Drivers/STM32F4xx_HAL_Driver/Inc/Legacy -I../Drivers/CMSIS/Device/ST/STM32F4xx/Include -I../Drivers/CMSIS/Include -O0 -ffunction-sections -fdata-sections -Wall -fstack-usage -fcyclomatic-complexity -MMD -MP -MF"Drivers/STM32F4xx_HAL_Driver/Src/stm32f4xx_hal_flash_ex.d" -MT"Drivers/STM32F4xx_HAL_Driver/Src/stm32f4xx_hal_flash_ex.o" --specs=nano.specs -mfpu=fpv4-sp-d16 -mfloat-abi=hard -mthumb -o "Drivers/STM32F4xx_HAL_Driver/Src/stm32f4xx_hal_flash_ex.o"
arm-none-eabi-gcc "../Drivers/STM32F4xx_HAL_Driver/Src/stm32f4xx_hal_flash_ramfunc.c" -mcpu=cortex-m4 -std=gnu11 -g3 -DDEBUG -DUSE_HAL_DRIVER -DSTM32F407xx -c -I../Core/Inc -I../Drivers/STM32F4xx_HAL_Driver/Inc -I../Drivers/STM32F4xx_HAL_Driver/Inc/Legacy -I../Drivers/CMSIS/Device/ST/STM32F4xx/Include -I../Drivers/CMSIS/Include -O0 -ffunction-sections -fdata-sections -Wall -fstack-usage -fcyclomatic-complexity -MMD -MP -MF"Drivers/STM32F4xx_HAL_Driver/Src/stm32f4xx_hal_flash_ramfunc.d" -MT"Drivers/STM32F4xx_HAL_Driver/Src/stm32f4xx_hal_flash_ramfunc.o" --specs=nano.specs -mfpu=fpv4-sp-d16 -mfloat-abi=hard -mthumb -o "Drivers/STM32F4xx_HAL_Driver/Src/stm32f4xx_hal_flash_ramfunc.o"
arm-none-eabi-gcc "../Drivers/STM32F4xx_HAL_Driver/Src/stm32f4xx_hal_gpio.c" -mcpu=cortex-m4 -std=gnu11 -g3 -DDEBUG -DUSE_HAL_DRIVER -DSTM32F407xx -c -I../Core/Inc -I../Drivers/STM32F4xx_HAL_Driver/Inc -I../Drivers/STM32F4xx_HAL_Driver/Inc/Legacy -I../Drivers/CMSIS/Device/ST/STM32F4xx/Include -I../Drivers/CMSIS/Include -O0 -ffunction-sections -fdata-sections -Wall -fstack-usage -fcyclomatic-complexity -MMD -MP -MF"Drivers/STM32F4xx_HAL_Driver/Src/stm32f4xx_hal_gpio.d" -MT"Drivers/STM32F4xx_HAL_Driver/Src/stm32f4xx_hal_gpio.o" --specs=nano.specs -mfpu=fpv4-sp-d16 -mfloat-abi=hard -mthumb -o "Drivers/STM32F4xx_HAL_Driver/Src/stm32f4xx_hal_gpio.o"
arm-none-eabi-gcc "../Drivers/STM32F4xx_HAL_Driver/Src/stm32f4xx_hal_pwr.c" -mcpu=cortex-m4 -std=gnu11 -g3 -DDEBUG -DUSE_HAL_DRIVER -DSTM32F407xx -c -I../Core/Inc -I../Drivers/STM32F4xx_HAL_Driver/Inc -I../Drivers/STM32F4xx_HAL_Driver/Inc/Legacy -I../Drivers/CMSIS/Device/ST/STM32F4xx/Include -I../Drivers/CMSIS/Include -O0 -ffunction-sections -fdata-sections -Wall -fstack-usage -fcyclomatic-complexity -MMD -MP -MF"Drivers/STM32F4xx_HAL_Driver/Src/stm32f4xx_hal_pwr.d" -MT"Drivers/STM32F4xx_HAL_Driver/Src/stm32f4xx_hal_pwr.o" --specs=nano.specs -mfpu=fpv4-sp-d16 -mfloat-abi=hard -mthumb -o "Drivers/STM32F4xx_HAL_Driver/Src/stm32f4xx_hal_pwr.o"
arm-none-eabi-gcc "../Drivers/STM32F4xx_HAL_Driver/Src/stm32f4xx_hal_pwr_ex.c" -mcpu=cortex-m4 -std=gnu11 -g3 -DDEBUG -DUSE_HAL_DRIVER -DSTM32F407xx -c -I../Core/Inc -I../Drivers/STM32F4xx_HAL_Driver/Inc -I../Drivers/STM32F4xx_HAL_Driver/Inc/Legacy -I../Drivers/CMSIS/Device/ST/STM32F4xx/Include -I../Drivers/CMSIS/Include -O0 -ffunction-sections -fdata-sections -Wall -fstack-usage -fcyclomatic-complexity -MMD -MP -MF"Drivers/STM32F4xx_HAL_Driver/Src/stm32f4xx_hal_pwr_ex.d" -MT"Drivers/STM32F4xx_HAL_Driver/Src/stm32f4xx_hal_pwr_ex.o" --specs=nano.specs -mfpu=fpv4-sp-d16 -mfloat-abi=hard -mthumb -o "Drivers/STM32F4xx_HAL_Driver/Src/stm32f4xx_hal_pwr_ex.o"
arm-none-eabi-gcc "../Drivers/STM32F4xx_HAL_Driver/Src/stm32f4xx_hal_rcc.c" -mcpu=cortex-m4 -std=gnu11 -g3 -DDEBUG -DUSE_HAL_DRIVER -DSTM32F407xx -c -I../Core/Inc -I../Drivers/STM32F4xx_HAL_Driver/Inc -I../Drivers/STM32F4xx_HAL_Driver/Inc/Legacy -I../Drivers/CMSIS/Device/ST/STM32F4xx/Include -I../Drivers/CMSIS/Include -O0 -ffunction-sections -fdata-sections -Wall -fstack-usage -fcyclomatic-complexity -MMD -MP -MF"Drivers/STM32F4xx_HAL_Driver/Src/stm32f4xx_hal_rcc.d" -MT"Drivers/STM32F4xx_HAL_Driver/Src/stm32f4xx_hal_rcc.o" --specs=nano.specs -mfpu=fpv4-sp-d16 -mfloat-abi=hard -mthumb -o "Drivers/STM32F4xx_HAL_Driver/Src/stm32f4xx_hal_rcc.o"
arm-none-eabi-gcc "../Drivers/STM32F4xx_HAL_Driver/Src/stm32f4xx_hal_rcc_ex.c" -mcpu=cortex-m4 -std=gnu11 -g3 -DDEBUG -DUSE_HAL_DRIVER -DSTM32F407xx -c -I../Core/Inc -I../Drivers/STM32F4xx_HAL_Driver/Inc -I../Drivers/STM32F4xx_HAL_Driver/Inc/Legacy -I../Drivers/CMSIS/Device/ST/STM32F4xx/Include -I../Drivers/CMSIS/Include -O0 -ffunction-sections -fdata-sections -Wall -fstack-usage -fcyclomatic-complexity -MMD -MP -MF"Drivers/STM32F4xx_HAL_Driver/Src/stm32f4xx_hal_rcc_ex.d" -MT"Drivers/STM32F4xx_HAL_Driver/Src/stm32f4xx_hal_rcc_ex.o" --specs=nano.specs -mfpu=fpv4-sp-d16 -mfloat-abi=hard -mthumb -o "Drivers/STM32F4xx_HAL_Driver/Src/stm32f4xx_hal_rcc_ex.o"
arm-none-eabi-gcc "../Drivers/STM32F4xx_HAL_Driver/Src/stm32f4xx_hal_uart.c" -mcpu=cortex-m4 -std=gnu11 -g3 -DDEBUG -DUSE_HAL_DRIVER -DSTM32F407xx -c -I../Core/Inc -I../Drivers/STM32F4xx_HAL_Driver/Inc -I../Drivers/STM32F4xx_HAL_Driver/Inc/Legacy -I../Drivers/CMSIS/Device/ST/STM32F4xx/Include -I../Drivers/CMSIS/Include -O0 -ffunction-sections -fdata-sections -Wall -fstack-usage -fcyclomatic-complexity -MMD -MP -MF"Drivers/STM32F4xx_HAL_Driver/Src/stm32f4xx_hal_uart.d" -MT"Drivers/STM32F4xx_HAL_Driver/Src/stm32f4xx_hal_uart.o" --specs=nano.specs -mfpu=fpv4-sp-d16 -mfloat-abi=hard -mthumb -o "Drivers/STM32F4xx_HAL_Driver/Src/stm32f4xx_hal_uart.o"
arm-none-eabi-gcc -mcpu=cortex-m4 -g3 -DDEBUG -c -x assembler-with-cpp -MMD -MP -MF"Core/Startup/startup_stm32f407vgtx.d" -MT"Core/Startup/startup_stm32f407vgtx.o" --specs=nano.specs -mfpu=fpv4-sp-d16 -mfloat-abi=hard -mthumb -o "Core/Startup/startup_stm32f407vgtx.o" "../Core/Startup/startup_stm32f407vgtx.s"
arm-none-eabi-gcc "../Core/Src/main.c" -mcpu=cortex-m4 -std=gnu11 -g3 -DDEBUG -DUSE_HAL_DRIVER -DSTM32F407xx -c -I../Core/Inc -I../Drivers/STM32F4xx_HAL_Driver/Inc -I../Drivers/STM32F4xx_HAL_Driver/Inc/Legacy -I../Drivers/CMSIS/Device/ST/STM32F4xx/Include -I../Drivers/CMSIS/Include -O0 -ffunction-sections -fdata-sections -Wall -fstack-usage -fcyclomatic-complexity -MMD -MP -MF"Core/Src/main.d" -MT"Core/Src/main.o" --specs=nano.specs -mfpu=fpv4-sp-d16 -mfloat-abi=hard -mthumb -o "Core/Src/main.o"
arm-none-eabi-gcc "../Core/Src/stm32f4xx_hal_msp.c" -mcpu=cortex-m4 -std=gnu11 -g3 -DDEBUG -DUSE_HAL_DRIVER -DSTM32F407xx -c -I../Core/Inc -I../Drivers/STM32F4xx_HAL_Driver/Inc -I../Drivers/STM32F4xx_HAL_Driver/Inc/Legacy -I../Drivers/CMSIS/Device/ST/STM32F4xx/Include -I../Drivers/CMSIS/Include -O0 -ffunction-sections -fdata-sections -Wall -fstack-usage -fcyclomatic-complexity -MMD -MP -MF"Core/Src/stm32f4xx_hal_msp.d" -MT"Core/Src/stm32f4xx_hal_msp.o" --specs=nano.specs -mfpu=fpv4-sp-d16 -mfloat-abi=hard -mthumb -o "Core/Src/stm32f4xx_hal_msp.o"
arm-none-eabi-gcc "../Core/Src/stm32f4xx_it.c" -mcpu=cortex-m4 -std=gnu11 -g3 -DDEBUG -DUSE_HAL_DRIVER -DSTM32F407xx -c -I../Core/Inc -I../Drivers/STM32F4xx_HAL_Driver/Inc -I../Drivers/STM32F4xx_HAL_Driver/Inc/Legacy -I../Drivers/CMSIS/Device/ST/STM32F4xx/Include -I../Drivers/CMSIS/Include -O0 -ffunction-sections -fdata-sections -Wall -fstack-usage -fcyclomatic-complexity -MMD -MP -MF"Core/Src/stm32f4xx_it.d" -MT"Core/Src/stm32f4xx_it.o" --specs=nano.specs -mfpu=fpv4-sp-d16 -mfloat-abi=hard -mthumb -o "Core/Src/stm32f4xx_it.o"
arm-none-eabi-gcc "../Core/Src/syscalls.c" -mcpu=cortex-m4 -std=gnu11 -g3 -DDEBUG -DUSE_HAL_DRIVER -DSTM32F407xx -c -I../Core/Inc -I../Drivers/STM32F4xx_HAL_Driver/Inc -I../Drivers/STM32F4xx_HAL_Driver/Inc/Legacy -I../Drivers/CMSIS/Device/ST/STM32F4xx/Include -I../Drivers/CMSIS/Include -O0 -ffunction-sections -fdata-sections -Wall -fstack-usage -fcyclomatic-complexity -MMD -MP -MF"Core/Src/syscalls.d" -MT"Core/Src/syscalls.o" --specs=nano.specs -mfpu=fpv4-sp-d16 -mfloat-abi=hard -mthumb -o "Core/Src/syscalls.o"
arm-none-eabi-gcc "../Core/Src/sysmem.c" -mcpu=cortex-m4 -std=gnu11 -g3 -DDEBUG -DUSE_HAL_DRIVER -DSTM32F407xx -c -I../Core/Inc -I../Drivers/STM32F4xx_HAL_Driver/Inc -I../Drivers/STM32F4xx_HAL_Driver/Inc/Legacy -I../Drivers/CMSIS/Device/ST/STM32F4xx/Include -I../Drivers/CMSIS/Include -O0 -ffunction-sections -fdata-sections -Wall -fstack-usage -fcyclomatic-complexity -MMD -MP -MF"Core/Src/sysmem.d" -MT"Core/Src/sysmem.o" --specs=nano.specs -mfpu=fpv4-sp-d16 -mfloat-abi=hard -mthumb -o "Core/Src/sysmem.o"
arm-none-eabi-gcc "../Core/Src/system_stm32f4xx.c" -mcpu=cortex-m4 -std=gnu11 -g3 -DDEBUG -DUSE_HAL_DRIVER -DSTM32F407xx -c -I../Core/Inc -I../Drivers/STM32F4xx_HAL_Driver/Inc -I../Drivers/STM32F4xx_HAL_Driver/Inc/Legacy -I../Drivers/CMSIS/Device/ST/STM32F4xx/Include -I../Drivers/CMSIS/Include -O0 -ffunction-sections -fdata-sections -Wall -fstack-usage -fcyclomatic-complexity -MMD -MP -MF"Core/Src/system_stm32f4xx.d" -MT"Core/Src/system_stm32f4xx.o" --specs=nano.specs -mfpu=fpv4-sp-d16 -mfloat-abi=hard -mthumb -o "Core/Src/system_stm32f4xx.o"
../Core/Src/main.c: In function 'main':
../Core/Src/main.c:118:76: error: 'HAL_MAX' undeclared (first use in this function)
  118 |                   HAL_UART_Transmit(&huart2, (uint8_t*)msg1, strlen(msg1), HAL_MAX-DELAY);
      |                                                                            ^~~~~~~
../Core/Src/main.c:118:76: note: each undeclared identifier is reported only once for each function it appears in
../Core/Src/main.c:118:84: error: 'DELAY' undeclared (first use in this function)
  118 |                   HAL_UART_Transmit(&huart2, (uint8_t*)msg1, strlen(msg1), HAL_MAX-DELAY);
      |                                                                                    ^~~~~
../Core/Src/main.c:119:85: error: 'HAL_MAX_DEALY' undeclared (first use in this function); did you mean 'HAL_MAX_DELAY'?
  119 |                   HAL_UART_Transmit(&huart2, (uint8_t*)rx_buffer, strlen(rx_buffer),HAL_MAX_DEALY);
      |                                                                                     ^~~~~~~~~~~~~
      |                                                                                     HAL_MAX_DELAY
../Core/Src/main.c:130:19: warning: implicit declaration of function 'sprint'; did you mean 'sprintf'? [-Wimplicit-function-declaration]
  130 |                   sprint(msg,"len = %d\r\n",len);
      |                   ^~~~~~
      |                   sprintf
make: *** [Core/Src/subdir.mk:34: Core/Src/main.o] Error 1
make: *** Waiting for unfinished jobs....
"make -j12 all" terminated with exit code 2. Build might be incomplete.
10:46:25 **** Incremental Build of configuration Debug for project usartq3 ****
make -j12 all 
arm-none-eabi-gcc "../Core/Src/main.c" -mcpu=cortex-m4 -std=gnu11 -g3 -DDEBUG -DUSE_HAL_DRIVER -DSTM32F407xx -c -I../Core/Inc -I../Drivers/STM32F4xx_HAL_Driver/Inc -I../Drivers/STM32F4xx_HAL_Driver/Inc/Legacy -I../Drivers/CMSIS/Device/ST/STM32F4xx/Include -I../Drivers/CMSIS/Include -O0 -ffunction-sections -fdata-sections -Wall -fstack-usage -fcyclomatic-complexity -MMD -MP -MF"Core/Src/main.d" -MT"Core/Src/main.o" --specs=nano.specs -mfpu=fpv4-sp-d16 -mfloat-abi=hard -mthumb -o "Core/Src/main.o"
../Core/Src/main.c: In function 'main':
../Core/Src/main.c:119:85: error: 'HAL_MAX_DEALY' undeclared (first use in this function); did you mean 'HAL_MAX_DELAY'?
  119 |                   HAL_UART_Transmit(&huart2, (uint8_t*)rx_buffer, strlen(rx_buffer),HAL_MAX_DEALY);
      |                                                                                     ^~~~~~~~~~~~~
      |                                                                                     HAL_MAX_DELAY
../Core/Src/main.c:119:85: note: each undeclared identifier is reported only once for each function it appears in
../Core/Src/main.c:130:19: warning: implicit declaration of function 'sprint'; did you mean 'sprintf'? [-Wimplicit-function-declaration]
  130 |                   sprint(msg,"len = %d\r\n",len);
      |                   ^~~~~~
      |                   sprintf
../Core/Src/main.c:134:74: error: 'HAL_MAX' undeclared (first use in this function)
  134 |                   HAL_UART_Transmit(&huart2, (uint8_t*)msg, strlen(msg), HAL_MAX-DELAY);
      |                                                                          ^~~~~~~
../Core/Src/main.c:134:82: error: 'DELAY' undeclared (first use in this function)
  134 |                   HAL_UART_Transmit(&huart2, (uint8_t*)msg, strlen(msg), HAL_MAX-DELAY);
      |                                                                                  ^~~~~
make: *** [Core/Src/subdir.mk:34: Core/Src/main.o] Error 1
"make -j12 all" terminated with exit code 2. Build might be incomplete.
10:49:11 **** Incremental Build of configuration Debug for project usartq3 ****
make -j12 all 
arm-none-eabi-gcc "../Core/Src/main.c" -mcpu=cortex-m4 -std=gnu11 -g3 -DDEBUG -DUSE_HAL_DRIVER -DSTM32F407xx -c -I../Core/Inc -I../Drivers/STM32F4xx_HAL_Driver/Inc -I../Drivers/STM32F4xx_HAL_Driver/Inc/Legacy -I../Drivers/CMSIS/Device/ST/STM32F4xx/Include -I../Drivers/CMSIS/Include -O0 -ffunction-sections -fdata-sections -Wall -fstack-usage -fcyclomatic-complexity -MMD -MP -MF"Core/Src/main.d" -MT"Core/Src/main.o" --specs=nano.specs -mfpu=fpv4-sp-d16 -mfloat-abi=hard -mthumb -o "Core/Src/main.o"
../Core/Src/main.c: In function 'main':
../Core/Src/main.c:127:85: error: 'HAL_MAX_DEALY' undeclared (first use in this function); did you mean 'HAL_MAX_DELAY'?
  127 |                   HAL_UART_Transmit(&huart2, (uint8_t*)rx_buffer, strlen(rx_buffer),HAL_MAX_DEALY);
      |                                                                                     ^~~~~~~~~~~~~
      |                                                                                     HAL_MAX_DELAY
../Core/Src/main.c:127:85: note: each undeclared identifier is reported only once for each function it appears in
../Core/Src/main.c:131:19: warning: implicit declaration of function 'sprint'; did you mean 'sprintf'? [-Wimplicit-function-declaration]
  131 |                   sprint(msg,"len = %d\r\n",len);
      |                   ^~~~~~
      |                   sprintf
../Core/Src/main.c:135:74: error: 'HAL_MAX' undeclared (first use in this function)
  135 |                   HAL_UART_Transmit(&huart2, (uint8_t*)msg, strlen(msg), HAL_MAX-DELAY);
      |                                                                          ^~~~~~~
../Core/Src/main.c:135:82: error: 'DELAY' undeclared (first use in this function)
  135 |                   HAL_UART_Transmit(&huart2, (uint8_t*)msg, strlen(msg), HAL_MAX-DELAY);
      |                                                                                  ^~~~~
make: *** [Core/Src/subdir.mk:34: Core/Src/main.o] Error 1
"make -j12 all" terminated with exit code 2. Build might be incomplete.
10:50:23 **** Incremental Build of configuration Debug for project usartq3 ****
make -j12 all 
arm-none-eabi-gcc "../Core/Src/main.c" -mcpu=cortex-m4 -std=gnu11 -g3 -DDEBUG -DUSE_HAL_DRIVER -DSTM32F407xx -c -I../Core/Inc -I../Drivers/STM32F4xx_HAL_Driver/Inc -I../Drivers/STM32F4xx_HAL_Driver/Inc/Legacy -I../Drivers/CMSIS/Device/ST/STM32F4xx/Include -I../Drivers/CMSIS/Include -O0 -ffunction-sections -fdata-sections -Wall -fstack-usage -fcyclomatic-complexity -MMD -MP -MF"Core/Src/main.d" -MT"Core/Src/main.o" --specs=nano.specs -mfpu=fpv4-sp-d16 -mfloat-abi=hard -mthumb -o "Core/Src/main.o"
../Core/Src/main.c: In function 'main':
../Core/Src/main.c:131:19: warning: implicit declaration of function 'sprint'; did you mean 'sprintf'? [-Wimplicit-function-declaration]
  131 |                   sprint(msg,"len = %d\r\n",len);
      |                   ^~~~~~
      |                   sprintf
arm-none-eabi-gcc -o "usartq3.elf" @"objects.list"   -mcpu=cortex-m4 -T"F:\assg 6\usartq3\STM32F407VGTX_FLASH.ld" --specs=nosys.specs -Wl,-Map="usartq3.map" -Wl,--gc-sections -static --specs=nano.specs -mfpu=fpv4-sp-d16 -mfloat-abi=hard -mthumb -Wl,--start-group -lc -lm -Wl,--end-group
C:/ST/STM32CubeIDE_1.19.0/STM32CubeIDE/plugins/com.st.stm32cube.ide.mcu.externaltools.gnu-tools-for-stm32.13.3.rel1.win32_1.0.0.202411081344/tools/bin/../lib/gcc/arm-none-eabi/13.3.1/../../../../arm-none-eabi/bin/ld.exe: ./Core/Src/main.o: in function `main':
F:/assg 6/usartq3/Debug/../Core/Src/main.c:131:(.text.main+0xde): undefined reference to `sprint'
collect2.exe: error: ld returned 1 exit status
make: *** [makefile:64: usartq3.elf] Error 1
"make -j12 all" terminated with exit code 2. Build might be incomplete.
10:50:56 **** Incremental Build of configuration Debug for project usartq3 ****
make -j12 all 
arm-none-eabi-gcc "../Core/Src/main.c" -mcpu=cortex-m4 -std=gnu11 -g3 -DDEBUG -DUSE_HAL_DRIVER -DSTM32F407xx -c -I../Core/Inc -I../Drivers/STM32F4xx_HAL_Driver/Inc -I../Drivers/STM32F4xx_HAL_Driver/Inc/Legacy -I../Drivers/CMSIS/Device/ST/STM32F4xx/Include -I../Drivers/CMSIS/Include -O0 -ffunction-sections -fdata-sections -Wall -fstack-usage -fcyclomatic-complexity -MMD -MP -MF"Core/Src/main.d" -MT"Core/Src/main.o" --specs=nano.specs -mfpu=fpv4-sp-d16 -mfloat-abi=hard -mthumb -o "Core/Src/main.o"
arm-none-eabi-gcc -o "usartq3.elf" @"objects.list"   -mcpu=cortex-m4 -T"F:\assg 6\usartq3\STM32F407VGTX_FLASH.ld" --specs=nosys.specs -Wl,-Map="usartq3.map" -Wl,--gc-sections -static --specs=nano.specs -mfpu=fpv4-sp-d16 -mfloat-abi=hard -mthumb -Wl,--start-group -lc -lm -Wl,--end-group
Finished building target: usartq3.elf
 
arm-none-eabi-size  usartq3.elf 
arm-none-eabi-objdump -h -S usartq3.elf  > "usartq3.list"
   text	   data	    bss	    dec	    hex	filename
  12008	     92	   2084	  14184	   3768	usartq3.elf
Finished building: default.size.stdout
 
Finished building: usartq3.list
 
12:28:08 **** Build of configuration Debug for project buzzerq1 ****
make -j12 all 
arm-none-eabi-gcc "../Drivers/STM32F4xx_HAL_Driver/Src/stm32f4xx_hal.c" -mcpu=cortex-m4 -std=gnu11 -g3 -DDEBUG -DUSE_HAL_DRIVER -DSTM32F407xx -c -I../Core/Inc -I../Drivers/STM32F4xx_HAL_Driver/Inc -I../Drivers/STM32F4xx_HAL_Driver/Inc/Legacy -I../Drivers/CMSIS/Device/ST/STM32F4xx/Include -I../Drivers/CMSIS/Include -O0 -ffunction-sections -fdata-sections -Wall -fstack-usage -fcyclomatic-complexity -MMD -MP -MF"Drivers/STM32F4xx_HAL_Driver/Src/stm32f4xx_hal.d" -MT"Drivers/STM32F4xx_HAL_Driver/Src/stm32f4xx_hal.o" --specs=nano.specs -mfpu=fpv4-sp-d16 -mfloat-abi=hard -mthumb -o "Drivers/STM32F4xx_HAL_Driver/Src/stm32f4xx_hal.o"
arm-none-eabi-gcc "../Drivers/STM32F4xx_HAL_Driver/Src/stm32f4xx_hal_cortex.c" -mcpu=cortex-m4 -std=gnu11 -g3 -DDEBUG -DUSE_HAL_DRIVER -DSTM32F407xx -c -I../Core/Inc -I../Drivers/STM32F4xx_HAL_Driver/Inc -I../Drivers/STM32F4xx_HAL_Driver/Inc/Legacy -I../Drivers/CMSIS/Device/ST/STM32F4xx/Include -I../Drivers/CMSIS/Include -O0 -ffunction-sections -fdata-sections -Wall -fstack-usage -fcyclomatic-complexity -MMD -MP -MF"Drivers/STM32F4xx_HAL_Driver/Src/stm32f4xx_hal_cortex.d" -MT"Drivers/STM32F4xx_HAL_Driver/Src/stm32f4xx_hal_cortex.o" --specs=nano.specs -mfpu=fpv4-sp-d16 -mfloat-abi=hard -mthumb -o "Drivers/STM32F4xx_HAL_Driver/Src/stm32f4xx_hal_cortex.o"
arm-none-eabi-gcc "../Drivers/STM32F4xx_HAL_Driver/Src/stm32f4xx_hal_dma.c" -mcpu=cortex-m4 -std=gnu11 -g3 -DDEBUG -DUSE_HAL_DRIVER -DSTM32F407xx -c -I../Core/Inc -I../Drivers/STM32F4xx_HAL_Driver/Inc -I../Drivers/STM32F4xx_HAL_Driver/Inc/Legacy -I../Drivers/CMSIS/Device/ST/STM32F4xx/Include -I../Drivers/CMSIS/Include -O0 -ffunction-sections -fdata-sections -Wall -fstack-usage -fcyclomatic-complexity -MMD -MP -MF"Drivers/STM32F4xx_HAL_Driver/Src/stm32f4xx_hal_dma.d" -MT"Drivers/STM32F4xx_HAL_Driver/Src/stm32f4xx_hal_dma.o" --specs=nano.specs -mfpu=fpv4-sp-d16 -mfloat-abi=hard -mthumb -o "Drivers/STM32F4xx_HAL_Driver/Src/stm32f4xx_hal_dma.o"
arm-none-eabi-gcc "../Drivers/STM32F4xx_HAL_Driver/Src/stm32f4xx_hal_dma_ex.c" -mcpu=cortex-m4 -std=gnu11 -g3 -DDEBUG -DUSE_HAL_DRIVER -DSTM32F407xx -c -I../Core/Inc -I../Drivers/STM32F4xx_HAL_Driver/Inc -I../Drivers/STM32F4xx_HAL_Driver/Inc/Legacy -I../Drivers/CMSIS/Device/ST/STM32F4xx/Include -I../Drivers/CMSIS/Include -O0 -ffunction-sections -fdata-sections -Wall -fstack-usage -fcyclomatic-complexity -MMD -MP -MF"Drivers/STM32F4xx_HAL_Driver/Src/stm32f4xx_hal_dma_ex.d" -MT"Drivers/STM32F4xx_HAL_Driver/Src/stm32f4xx_hal_dma_ex.o" --specs=nano.specs -mfpu=fpv4-sp-d16 -mfloat-abi=hard -mthumb -o "Drivers/STM32F4xx_HAL_Driver/Src/stm32f4xx_hal_dma_ex.o"
arm-none-eabi-gcc "../Drivers/STM32F4xx_HAL_Driver/Src/stm32f4xx_hal_exti.c" -mcpu=cortex-m4 -std=gnu11 -g3 -DDEBUG -DUSE_HAL_DRIVER -DSTM32F407xx -c -I../Core/Inc -I../Drivers/STM32F4xx_HAL_Driver/Inc -I../Drivers/STM32F4xx_HAL_Driver/Inc/Legacy -I../Drivers/CMSIS/Device/ST/STM32F4xx/Include -I../Drivers/CMSIS/Include -O0 -ffunction-sections -fdata-sections -Wall -fstack-usage -fcyclomatic-complexity -MMD -MP -MF"Drivers/STM32F4xx_HAL_Driver/Src/stm32f4xx_hal_exti.d" -MT"Drivers/STM32F4xx_HAL_Driver/Src/stm32f4xx_hal_exti.o" --specs=nano.specs -mfpu=fpv4-sp-d16 -mfloat-abi=hard -mthumb -o "Drivers/STM32F4xx_HAL_Driver/Src/stm32f4xx_hal_exti.o"
arm-none-eabi-gcc "../Drivers/STM32F4xx_HAL_Driver/Src/stm32f4xx_hal_flash.c" -mcpu=cortex-m4 -std=gnu11 -g3 -DDEBUG -DUSE_HAL_DRIVER -DSTM32F407xx -c -I../Core/Inc -I../Drivers/STM32F4xx_HAL_Driver/Inc -I../Drivers/STM32F4xx_HAL_Driver/Inc/Legacy -I../Drivers/CMSIS/Device/ST/STM32F4xx/Include -I../Drivers/CMSIS/Include -O0 -ffunction-sections -fdata-sections -Wall -fstack-usage -fcyclomatic-complexity -MMD -MP -MF"Drivers/STM32F4xx_HAL_Driver/Src/stm32f4xx_hal_flash.d" -MT"Drivers/STM32F4xx_HAL_Driver/Src/stm32f4xx_hal_flash.o" --specs=nano.specs -mfpu=fpv4-sp-d16 -mfloat-abi=hard -mthumb -o "Drivers/STM32F4xx_HAL_Driver/Src/stm32f4xx_hal_flash.o"
arm-none-eabi-gcc "../Drivers/STM32F4xx_HAL_Driver/Src/stm32f4xx_hal_flash_ex.c" -mcpu=cortex-m4 -std=gnu11 -g3 -DDEBUG -DUSE_HAL_DRIVER -DSTM32F407xx -c -I../Core/Inc -I../Drivers/STM32F4xx_HAL_Driver/Inc -I../Drivers/STM32F4xx_HAL_Driver/Inc/Legacy -I../Drivers/CMSIS/Device/ST/STM32F4xx/Include -I../Drivers/CMSIS/Include -O0 -ffunction-sections -fdata-sections -Wall -fstack-usage -fcyclomatic-complexity -MMD -MP -MF"Drivers/STM32F4xx_HAL_Driver/Src/stm32f4xx_hal_flash_ex.d" -MT"Drivers/STM32F4xx_HAL_Driver/Src/stm32f4xx_hal_flash_ex.o" --specs=nano.specs -mfpu=fpv4-sp-d16 -mfloat-abi=hard -mthumb -o "Drivers/STM32F4xx_HAL_Driver/Src/stm32f4xx_hal_flash_ex.o"
arm-none-eabi-gcc "../Drivers/STM32F4xx_HAL_Driver/Src/stm32f4xx_hal_flash_ramfunc.c" -mcpu=cortex-m4 -std=gnu11 -g3 -DDEBUG -DUSE_HAL_DRIVER -DSTM32F407xx -c -I../Core/Inc -I../Drivers/STM32F4xx_HAL_Driver/Inc -I../Drivers/STM32F4xx_HAL_Driver/Inc/Legacy -I../Drivers/CMSIS/Device/ST/STM32F4xx/Include -I../Drivers/CMSIS/Include -O0 -ffunction-sections -fdata-sections -Wall -fstack-usage -fcyclomatic-complexity -MMD -MP -MF"Drivers/STM32F4xx_HAL_Driver/Src/stm32f4xx_hal_flash_ramfunc.d" -MT"Drivers/STM32F4xx_HAL_Driver/Src/stm32f4xx_hal_flash_ramfunc.o" --specs=nano.specs -mfpu=fpv4-sp-d16 -mfloat-abi=hard -mthumb -o "Drivers/STM32F4xx_HAL_Driver/Src/stm32f4xx_hal_flash_ramfunc.o"
arm-none-eabi-gcc "../Drivers/STM32F4xx_HAL_Driver/Src/stm32f4xx_hal_gpio.c" -mcpu=cortex-m4 -std=gnu11 -g3 -DDEBUG -DUSE_HAL_DRIVER -DSTM32F407xx -c -I../Core/Inc -I../Drivers/STM32F4xx_HAL_Driver/Inc -I../Drivers/STM32F4xx_HAL_Driver/Inc/Legacy -I../Drivers/CMSIS/Device/ST/STM32F4xx/Include -I../Drivers/CMSIS/Include -O0 -ffunction-sections -fdata-sections -Wall -fstack-usage -fcyclomatic-complexity -MMD -MP -MF"Drivers/STM32F4xx_HAL_Driver/Src/stm32f4xx_hal_gpio.d" -MT"Drivers/STM32F4xx_HAL_Driver/Src/stm32f4xx_hal_gpio.o" --specs=nano.specs -mfpu=fpv4-sp-d16 -mfloat-abi=hard -mthumb -o "Drivers/STM32F4xx_HAL_Driver/Src/stm32f4xx_hal_gpio.o"
arm-none-eabi-gcc "../Drivers/STM32F4xx_HAL_Driver/Src/stm32f4xx_hal_pwr.c" -mcpu=cortex-m4 -std=gnu11 -g3 -DDEBUG -DUSE_HAL_DRIVER -DSTM32F407xx -c -I../Core/Inc -I../Drivers/STM32F4xx_HAL_Driver/Inc -I../Drivers/STM32F4xx_HAL_Driver/Inc/Legacy -I../Drivers/CMSIS/Device/ST/STM32F4xx/Include -I../Drivers/CMSIS/Include -O0 -ffunction-sections -fdata-sections -Wall -fstack-usage -fcyclomatic-complexity -MMD -MP -MF"Drivers/STM32F4xx_HAL_Driver/Src/stm32f4xx_hal_pwr.d" -MT"Drivers/STM32F4xx_HAL_Driver/Src/stm32f4xx_hal_pwr.o" --specs=nano.specs -mfpu=fpv4-sp-d16 -mfloat-abi=hard -mthumb -o "Drivers/STM32F4xx_HAL_Driver/Src/stm32f4xx_hal_pwr.o"
arm-none-eabi-gcc "../Drivers/STM32F4xx_HAL_Driver/Src/stm32f4xx_hal_pwr_ex.c" -mcpu=cortex-m4 -std=gnu11 -g3 -DDEBUG -DUSE_HAL_DRIVER -DSTM32F407xx -c -I../Core/Inc -I../Drivers/STM32F4xx_HAL_Driver/Inc -I../Drivers/STM32F4xx_HAL_Driver/Inc/Legacy -I../Drivers/CMSIS/Device/ST/STM32F4xx/Include -I../Drivers/CMSIS/Include -O0 -ffunction-sections -fdata-sections -Wall -fstack-usage -fcyclomatic-complexity -MMD -MP -MF"Drivers/STM32F4xx_HAL_Driver/Src/stm32f4xx_hal_pwr_ex.d" -MT"Drivers/STM32F4xx_HAL_Driver/Src/stm32f4xx_hal_pwr_ex.o" --specs=nano.specs -mfpu=fpv4-sp-d16 -mfloat-abi=hard -mthumb -o "Drivers/STM32F4xx_HAL_Driver/Src/stm32f4xx_hal_pwr_ex.o"
arm-none-eabi-gcc "../Drivers/STM32F4xx_HAL_Driver/Src/stm32f4xx_hal_rcc.c" -mcpu=cortex-m4 -std=gnu11 -g3 -DDEBUG -DUSE_HAL_DRIVER -DSTM32F407xx -c -I../Core/Inc -I../Drivers/STM32F4xx_HAL_Driver/Inc -I../Drivers/STM32F4xx_HAL_Driver/Inc/Legacy -I../Drivers/CMSIS/Device/ST/STM32F4xx/Include -I../Drivers/CMSIS/Include -O0 -ffunction-sections -fdata-sections -Wall -fstack-usage -fcyclomatic-complexity -MMD -MP -MF"Drivers/STM32F4xx_HAL_Driver/Src/stm32f4xx_hal_rcc.d" -MT"Drivers/STM32F4xx_HAL_Driver/Src/stm32f4xx_hal_rcc.o" --specs=nano.specs -mfpu=fpv4-sp-d16 -mfloat-abi=hard -mthumb -o "Drivers/STM32F4xx_HAL_Driver/Src/stm32f4xx_hal_rcc.o"
arm-none-eabi-gcc "../Drivers/STM32F4xx_HAL_Driver/Src/stm32f4xx_hal_rcc_ex.c" -mcpu=cortex-m4 -std=gnu11 -g3 -DDEBUG -DUSE_HAL_DRIVER -DSTM32F407xx -c -I../Core/Inc -I../Drivers/STM32F4xx_HAL_Driver/Inc -I../Drivers/STM32F4xx_HAL_Driver/Inc/Legacy -I../Drivers/CMSIS/Device/ST/STM32F4xx/Include -I../Drivers/CMSIS/Include -O0 -ffunction-sections -fdata-sections -Wall -fstack-usage -fcyclomatic-complexity -MMD -MP -MF"Drivers/STM32F4xx_HAL_Driver/Src/stm32f4xx_hal_rcc_ex.d" -MT"Drivers/STM32F4xx_HAL_Driver/Src/stm32f4xx_hal_rcc_ex.o" --specs=nano.specs -mfpu=fpv4-sp-d16 -mfloat-abi=hard -mthumb -o "Drivers/STM32F4xx_HAL_Driver/Src/stm32f4xx_hal_rcc_ex.o"
arm-none-eabi-gcc "../Drivers/STM32F4xx_HAL_Driver/Src/stm32f4xx_hal_uart.c" -mcpu=cortex-m4 -std=gnu11 -g3 -DDEBUG -DUSE_HAL_DRIVER -DSTM32F407xx -c -I../Core/Inc -I../Drivers/STM32F4xx_HAL_Driver/Inc -I../Drivers/STM32F4xx_HAL_Driver/Inc/Legacy -I../Drivers/CMSIS/Device/ST/STM32F4xx/Include -I../Drivers/CMSIS/Include -O0 -ffunction-sections -fdata-sections -Wall -fstack-usage -fcyclomatic-complexity -MMD -MP -MF"Drivers/STM32F4xx_HAL_Driver/Src/stm32f4xx_hal_uart.d" -MT"Drivers/STM32F4xx_HAL_Driver/Src/stm32f4xx_hal_uart.o" --specs=nano.specs -mfpu=fpv4-sp-d16 -mfloat-abi=hard -mthumb -o "Drivers/STM32F4xx_HAL_Driver/Src/stm32f4xx_hal_uart.o"
arm-none-eabi-gcc -mcpu=cortex-m4 -g3 -DDEBUG -c -x assembler-with-cpp -MMD -MP -MF"Core/Startup/startup_stm32f407vgtx.d" -MT"Core/Startup/startup_stm32f407vgtx.o" --specs=nano.specs -mfpu=fpv4-sp-d16 -mfloat-abi=hard -mthumb -o "Core/Startup/startup_stm32f407vgtx.o" "../Core/Startup/startup_stm32f407vgtx.s"
arm-none-eabi-gcc "../Core/Src/main.c" -mcpu=cortex-m4 -std=gnu11 -g3 -DDEBUG -DUSE_HAL_DRIVER -DSTM32F407xx -c -I../Core/Inc -I../Drivers/STM32F4xx_HAL_Driver/Inc -I../Drivers/STM32F4xx_HAL_Driver/Inc/Legacy -I../Drivers/CMSIS/Device/ST/STM32F4xx/Include -I../Drivers/CMSIS/Include -O0 -ffunction-sections -fdata-sections -Wall -fstack-usage -fcyclomatic-complexity -MMD -MP -MF"Core/Src/main.d" -MT"Core/Src/main.o" --specs=nano.specs -mfpu=fpv4-sp-d16 -mfloat-abi=hard -mthumb -o "Core/Src/main.o"
arm-none-eabi-gcc "../Core/Src/stm32f4xx_hal_msp.c" -mcpu=cortex-m4 -std=gnu11 -g3 -DDEBUG -DUSE_HAL_DRIVER -DSTM32F407xx -c -I../Core/Inc -I../Drivers/STM32F4xx_HAL_Driver/Inc -I../Drivers/STM32F4xx_HAL_Driver/Inc/Legacy -I../Drivers/CMSIS/Device/ST/STM32F4xx/Include -I../Drivers/CMSIS/Include -O0 -ffunction-sections -fdata-sections -Wall -fstack-usage -fcyclomatic-complexity -MMD -MP -MF"Core/Src/stm32f4xx_hal_msp.d" -MT"Core/Src/stm32f4xx_hal_msp.o" --specs=nano.specs -mfpu=fpv4-sp-d16 -mfloat-abi=hard -mthumb -o "Core/Src/stm32f4xx_hal_msp.o"
arm-none-eabi-gcc "../Core/Src/stm32f4xx_it.c" -mcpu=cortex-m4 -std=gnu11 -g3 -DDEBUG -DUSE_HAL_DRIVER -DSTM32F407xx -c -I../Core/Inc -I../Drivers/STM32F4xx_HAL_Driver/Inc -I../Drivers/STM32F4xx_HAL_Driver/Inc/Legacy -I../Drivers/CMSIS/Device/ST/STM32F4xx/Include -I../Drivers/CMSIS/Include -O0 -ffunction-sections -fdata-sections -Wall -fstack-usage -fcyclomatic-complexity -MMD -MP -MF"Core/Src/stm32f4xx_it.d" -MT"Core/Src/stm32f4xx_it.o" --specs=nano.specs -mfpu=fpv4-sp-d16 -mfloat-abi=hard -mthumb -o "Core/Src/stm32f4xx_it.o"
arm-none-eabi-gcc "../Core/Src/syscalls.c" -mcpu=cortex-m4 -std=gnu11 -g3 -DDEBUG -DUSE_HAL_DRIVER -DSTM32F407xx -c -I../Core/Inc -I../Drivers/STM32F4xx_HAL_Driver/Inc -I../Drivers/STM32F4xx_HAL_Driver/Inc/Legacy -I../Drivers/CMSIS/Device/ST/STM32F4xx/Include -I../Drivers/CMSIS/Include -O0 -ffunction-sections -fdata-sections -Wall -fstack-usage -fcyclomatic-complexity -MMD -MP -MF"Core/Src/syscalls.d" -MT"Core/Src/syscalls.o" --specs=nano.specs -mfpu=fpv4-sp-d16 -mfloat-abi=hard -mthumb -o "Core/Src/syscalls.o"
arm-none-eabi-gcc "../Core/Src/sysmem.c" -mcpu=cortex-m4 -std=gnu11 -g3 -DDEBUG -DUSE_HAL_DRIVER -DSTM32F407xx -c -I../Core/Inc -I../Drivers/STM32F4xx_HAL_Driver/Inc -I../Drivers/STM32F4xx_HAL_Driver/Inc/Legacy -I../Drivers/CMSIS/Device/ST/STM32F4xx/Include -I../Drivers/CMSIS/Include -O0 -ffunction-sections -fdata-sections -Wall -fstack-usage -fcyclomatic-complexity -MMD -MP -MF"Core/Src/sysmem.d" -MT"Core/Src/sysmem.o" --specs=nano.specs -mfpu=fpv4-sp-d16 -mfloat-abi=hard -mthumb -o "Core/Src/sysmem.o"
arm-none-eabi-gcc "../Core/Src/system_stm32f4xx.c" -mcpu=cortex-m4 -std=gnu11 -g3 -DDEBUG -DUSE_HAL_DRIVER -DSTM32F407xx -c -I../Core/Inc -I../Drivers/STM32F4xx_HAL_Driver/Inc -I../Drivers/STM32F4xx_HAL_Driver/Inc/Legacy -I../Drivers/CMSIS/Device/ST/STM32F4xx/Include -I../Drivers/CMSIS/Include -O0 -ffunction-sections -fdata-sections -Wall -fstack-usage -fcyclomatic-complexity -MMD -MP -MF"Core/Src/system_stm32f4xx.d" -MT"Core/Src/system_stm32f4xx.o" --specs=nano.specs -mfpu=fpv4-sp-d16 -mfloat-abi=hard -mthumb -o "Core/Src/system_stm32f4xx.o"
../Core/Src/main.c: In function 'main':
../Core/Src/main.c:133:3: error: 'else' without a previous 'if'
  133 |   else
      |   ^~~~
../Core/Src/main.c: At top level:
../Core/Src/main.c:142:1: error: expected identifier or '(' before '}' token
  142 | }
      | ^
../Core/Src/main.c:195:13: warning: 'MX_USART2_UART_Init' defined but not used [-Wunused-function]
  195 | static void MX_USART2_UART_Init(void)
      |             ^~~~~~~~~~~~~~~~~~~
make: *** [Core/Src/subdir.mk:34: Core/Src/main.o] Error 1
make: *** Waiting for unfinished jobs....
"make -j12 all" terminated with exit code 2. Build might be incomplete.
12:30:39 **** Incremental Build of configuration Debug for project buzzerq1 ****
make -j12 all 
arm-none-eabi-gcc "../Core/Src/main.c" -mcpu=cortex-m4 -std=gnu11 -g3 -DDEBUG -DUSE_HAL_DRIVER -DSTM32F407xx -c -I../Core/Inc -I../Drivers/STM32F4xx_HAL_Driver/Inc -I../Drivers/STM32F4xx_HAL_Driver/Inc/Legacy -I../Drivers/CMSIS/Device/ST/STM32F4xx/Include -I../Drivers/CMSIS/Include -O0 -ffunction-sections -fdata-sections -Wall -fstack-usage -fcyclomatic-complexity -MMD -MP -MF"Core/Src/main.d" -MT"Core/Src/main.o" --specs=nano.specs -mfpu=fpv4-sp-d16 -mfloat-abi=hard -mthumb -o "Core/Src/main.o"
../Core/Src/main.c: In function 'main':
../Core/Src/main.c:133:3: error: 'else' without a previous 'if'
  133 |   else
      |   ^~~~
../Core/Src/main.c:195:13: error: invalid storage class for function 'MX_USART2_UART_Init'
  195 | static void MX_USART2_UART_Init(void)
      |             ^~~~~~~~~~~~~~~~~~~
../Core/Src/main.c:228:13: error: invalid storage class for function 'MX_GPIO_Init'
  228 | static void MX_GPIO_Init(void)
      |             ^~~~~~~~~~~~
../Core/Src/main.c:271:1: error: expected declaration or statement at end of input
  271 | }
      | ^
../Core/Src/main.c: At top level:
../Core/Src/main.c:57:13: warning: 'MX_GPIO_Init' used but never defined
   57 | static void MX_GPIO_Init(void);
      |             ^~~~~~~~~~~~
../Core/Src/main.c:58:13: warning: 'MX_USART2_UART_Init' declared 'static' but never defined [-Wunused-function]
   58 | static void MX_USART2_UART_Init(void);
      |             ^~~~~~~~~~~~~~~~~~~
../Core/Src/main.c:262:6: warning: 'Error_Handler' defined but not used [-Wunused-function]
  262 | void Error_Handler(void)
      |      ^~~~~~~~~~~~~
../Core/Src/main.c:228:13: warning: 'MX_GPIO_Init' defined but not used [-Wunused-function]
  228 | static void MX_GPIO_Init(void)
      |             ^~~~~~~~~~~~
../Core/Src/main.c:195:13: warning: 'MX_USART2_UART_Init' defined but not used [-Wunused-function]
  195 | static void MX_USART2_UART_Init(void)
      |             ^~~~~~~~~~~~~~~~~~~
../Core/Src/main.c:148:6: warning: 'SystemClock_Config' defined but not used [-Wunused-function]
  148 | void SystemClock_Config(void)
      |      ^~~~~~~~~~~~~~~~~~
make: *** [Core/Src/subdir.mk:34: Core/Src/main.o] Error 1
"make -j12 all" terminated with exit code 2. Build might be incomplete.
12:30:52 **** Incremental Build of configuration Debug for project buzzerq1 ****
make -j12 all 
arm-none-eabi-gcc "../Core/Src/main.c" -mcpu=cortex-m4 -std=gnu11 -g3 -DDEBUG -DUSE_HAL_DRIVER -DSTM32F407xx -c -I../Core/Inc -I../Drivers/STM32F4xx_HAL_Driver/Inc -I../Drivers/STM32F4xx_HAL_Driver/Inc/Legacy -I../Drivers/CMSIS/Device/ST/STM32F4xx/Include -I../Drivers/CMSIS/Include -O0 -ffunction-sections -fdata-sections -Wall -fstack-usage -fcyclomatic-complexity -MMD -MP -MF"Core/Src/main.d" -MT"Core/Src/main.o" --specs=nano.specs -mfpu=fpv4-sp-d16 -mfloat-abi=hard -mthumb -o "Core/Src/main.o"
../Core/Src/main.c: In function 'main':
../Core/Src/main.c:133:3: error: 'else' without a previous 'if'
  133 |   else
      |   ^~~~
../Core/Src/main.c:195:13: error: invalid storage class for function 'MX_USART2_UART_Init'
  195 | static void MX_USART2_UART_Init(void)
      |             ^~~~~~~~~~~~~~~~~~~
../Core/Src/main.c:228:13: error: invalid storage class for function 'MX_GPIO_Init'
  228 | static void MX_GPIO_Init(void)
      |             ^~~~~~~~~~~~
../Core/Src/main.c:271:1: error: expected declaration or statement at end of input
  271 | }
      | ^
../Core/Src/main.c:271:1: error: expected declaration or statement at end of input
../Core/Src/main.c: At top level:
../Core/Src/main.c:57:13: warning: 'MX_GPIO_Init' used but never defined
   57 | static void MX_GPIO_Init(void);
      |             ^~~~~~~~~~~~
../Core/Src/main.c:58:13: warning: 'MX_USART2_UART_Init' declared 'static' but never defined [-Wunused-function]
   58 | static void MX_USART2_UART_Init(void);
      |             ^~~~~~~~~~~~~~~~~~~
../Core/Src/main.c:262:6: warning: 'Error_Handler' defined but not used [-Wunused-function]
  262 | void Error_Handler(void)
      |      ^~~~~~~~~~~~~
../Core/Src/main.c:228:13: warning: 'MX_GPIO_Init' defined but not used [-Wunused-function]
  228 | static void MX_GPIO_Init(void)
      |             ^~~~~~~~~~~~
../Core/Src/main.c:195:13: warning: 'MX_USART2_UART_Init' defined but not used [-Wunused-function]
  195 | static void MX_USART2_UART_Init(void)
      |             ^~~~~~~~~~~~~~~~~~~
../Core/Src/main.c:148:6: warning: 'SystemClock_Config' defined but not used [-Wunused-function]
  148 | void SystemClock_Config(void)
      |      ^~~~~~~~~~~~~~~~~~
make: *** [Core/Src/subdir.mk:34: Core/Src/main.o] Error 1
"make -j12 all" terminated with exit code 2. Build might be incomplete.
12:31:07 **** Incremental Build of configuration Debug for project buzzerq1 ****
make -j12 all 
arm-none-eabi-gcc "../Core/Src/main.c" -mcpu=cortex-m4 -std=gnu11 -g3 -DDEBUG -DUSE_HAL_DRIVER -DSTM32F407xx -c -I../Core/Inc -I../Drivers/STM32F4xx_HAL_Driver/Inc -I../Drivers/STM32F4xx_HAL_Driver/Inc/Legacy -I../Drivers/CMSIS/Device/ST/STM32F4xx/Include -I../Drivers/CMSIS/Include -O0 -ffunction-sections -fdata-sections -Wall -fstack-usage -fcyclomatic-complexity -MMD -MP -MF"Core/Src/main.d" -MT"Core/Src/main.o" --specs=nano.specs -mfpu=fpv4-sp-d16 -mfloat-abi=hard -mthumb -o "Core/Src/main.o"
../Core/Src/main.c: In function 'main':
../Core/Src/main.c:133:3: error: 'else' without a previous 'if'
  133 |   else
      |   ^~~~
../Core/Src/main.c: At top level:
../Core/Src/main.c:195:13: warning: 'MX_USART2_UART_Init' defined but not used [-Wunused-function]
  195 | static void MX_USART2_UART_Init(void)
      |             ^~~~~~~~~~~~~~~~~~~
make: *** [Core/Src/subdir.mk:34: Core/Src/main.o] Error 1
"make -j12 all" terminated with exit code 2. Build might be incomplete.
12:40:48 **** Incremental Build of configuration Debug for project buzzerq1 ****
make -j12 all 
arm-none-eabi-gcc "../Core/Src/main.c" -mcpu=cortex-m4 -std=gnu11 -g3 -DDEBUG -DUSE_HAL_DRIVER -DSTM32F407xx -c -I../Core/Inc -I../Drivers/STM32F4xx_HAL_Driver/Inc -I../Drivers/STM32F4xx_HAL_Driver/Inc/Legacy -I../Drivers/CMSIS/Device/ST/STM32F4xx/Include -I../Drivers/CMSIS/Include -O0 -ffunction-sections -fdata-sections -Wall -fstack-usage -fcyclomatic-complexity -MMD -MP -MF"Core/Src/main.d" -MT"Core/Src/main.o" --specs=nano.specs -mfpu=fpv4-sp-d16 -mfloat-abi=hard -mthumb -o "Core/Src/main.o"
../Core/Src/main.c:196:13: warning: 'MX_USART2_UART_Init' defined but not used [-Wunused-function]
  196 | static void MX_USART2_UART_Init(void)
      |             ^~~~~~~~~~~~~~~~~~~
arm-none-eabi-gcc -o "buzzerq1.elf" @"objects.list"   -mcpu=cortex-m4 -T"F:\assg 6\buzzerq1\STM32F407VGTX_FLASH.ld" --specs=nosys.specs -Wl,-Map="buzzerq1.map" -Wl,--gc-sections -static --specs=nano.specs -mfpu=fpv4-sp-d16 -mfloat-abi=hard -mthumb -Wl,--start-group -lc -lm -Wl,--end-group
Finished building target: buzzerq1.elf
 
arm-none-eabi-size  buzzerq1.elf 
arm-none-eabi-objdump -h -S buzzerq1.elf  > "buzzerq1.list"
   text	   data	    bss	    dec	    hex	filename
  11296	    104	   2088	  13488	   34b0	buzzerq1.elf
Finished building: default.size.stdout
 
Finished building: buzzerq1.list
 
13:11:49 **** Incremental Build of configuration Debug for project buzzerq1 ****
make -j12 all 
arm-none-eabi-size  buzzerq1.elf 
   text	   data	    bss	    dec	    hex	filename
  11296	    104	   2088	  13488	   34b0	buzzerq1.elf
Finished building: default.size.stdout
 
13:11:50 **** Build of configuration Debug for project buzzerq2 ****
make -j12 all 
arm-none-eabi-gcc "../Drivers/STM32F4xx_HAL_Driver/Src/stm32f4xx_hal.c" -mcpu=cortex-m4 -std=gnu11 -g3 -DDEBUG -DUSE_HAL_DRIVER -DSTM32F407xx -c -I../Core/Inc -I../Drivers/STM32F4xx_HAL_Driver/Inc -I../Drivers/STM32F4xx_HAL_Driver/Inc/Legacy -I../Drivers/CMSIS/Device/ST/STM32F4xx/Include -I../Drivers/CMSIS/Include -O0 -ffunction-sections -fdata-sections -Wall -fstack-usage -fcyclomatic-complexity -MMD -MP -MF"Drivers/STM32F4xx_HAL_Driver/Src/stm32f4xx_hal.d" -MT"Drivers/STM32F4xx_HAL_Driver/Src/stm32f4xx_hal.o" --specs=nano.specs -mfpu=fpv4-sp-d16 -mfloat-abi=hard -mthumb -o "Drivers/STM32F4xx_HAL_Driver/Src/stm32f4xx_hal.o"
arm-none-eabi-gcc "../Drivers/STM32F4xx_HAL_Driver/Src/stm32f4xx_hal_cortex.c" -mcpu=cortex-m4 -std=gnu11 -g3 -DDEBUG -DUSE_HAL_DRIVER -DSTM32F407xx -c -I../Core/Inc -I../Drivers/STM32F4xx_HAL_Driver/Inc -I../Drivers/STM32F4xx_HAL_Driver/Inc/Legacy -I../Drivers/CMSIS/Device/ST/STM32F4xx/Include -I../Drivers/CMSIS/Include -O0 -ffunction-sections -fdata-sections -Wall -fstack-usage -fcyclomatic-complexity -MMD -MP -MF"Drivers/STM32F4xx_HAL_Driver/Src/stm32f4xx_hal_cortex.d" -MT"Drivers/STM32F4xx_HAL_Driver/Src/stm32f4xx_hal_cortex.o" --specs=nano.specs -mfpu=fpv4-sp-d16 -mfloat-abi=hard -mthumb -o "Drivers/STM32F4xx_HAL_Driver/Src/stm32f4xx_hal_cortex.o"
arm-none-eabi-gcc "../Drivers/STM32F4xx_HAL_Driver/Src/stm32f4xx_hal_dma.c" -mcpu=cortex-m4 -std=gnu11 -g3 -DDEBUG -DUSE_HAL_DRIVER -DSTM32F407xx -c -I../Core/Inc -I../Drivers/STM32F4xx_HAL_Driver/Inc -I../Drivers/STM32F4xx_HAL_Driver/Inc/Legacy -I../Drivers/CMSIS/Device/ST/STM32F4xx/Include -I../Drivers/CMSIS/Include -O0 -ffunction-sections -fdata-sections -Wall -fstack-usage -fcyclomatic-complexity -MMD -MP -MF"Drivers/STM32F4xx_HAL_Driver/Src/stm32f4xx_hal_dma.d" -MT"Drivers/STM32F4xx_HAL_Driver/Src/stm32f4xx_hal_dma.o" --specs=nano.specs -mfpu=fpv4-sp-d16 -mfloat-abi=hard -mthumb -o "Drivers/STM32F4xx_HAL_Driver/Src/stm32f4xx_hal_dma.o"
arm-none-eabi-gcc "../Drivers/STM32F4xx_HAL_Driver/Src/stm32f4xx_hal_dma_ex.c" -mcpu=cortex-m4 -std=gnu11 -g3 -DDEBUG -DUSE_HAL_DRIVER -DSTM32F407xx -c -I../Core/Inc -I../Drivers/STM32F4xx_HAL_Driver/Inc -I../Drivers/STM32F4xx_HAL_Driver/Inc/Legacy -I../Drivers/CMSIS/Device/ST/STM32F4xx/Include -I../Drivers/CMSIS/Include -O0 -ffunction-sections -fdata-sections -Wall -fstack-usage -fcyclomatic-complexity -MMD -MP -MF"Drivers/STM32F4xx_HAL_Driver/Src/stm32f4xx_hal_dma_ex.d" -MT"Drivers/STM32F4xx_HAL_Driver/Src/stm32f4xx_hal_dma_ex.o" --specs=nano.specs -mfpu=fpv4-sp-d16 -mfloat-abi=hard -mthumb -o "Drivers/STM32F4xx_HAL_Driver/Src/stm32f4xx_hal_dma_ex.o"
arm-none-eabi-gcc "../Drivers/STM32F4xx_HAL_Driver/Src/stm32f4xx_hal_exti.c" -mcpu=cortex-m4 -std=gnu11 -g3 -DDEBUG -DUSE_HAL_DRIVER -DSTM32F407xx -c -I../Core/Inc -I../Drivers/STM32F4xx_HAL_Driver/Inc -I../Drivers/STM32F4xx_HAL_Driver/Inc/Legacy -I../Drivers/CMSIS/Device/ST/STM32F4xx/Include -I../Drivers/CMSIS/Include -O0 -ffunction-sections -fdata-sections -Wall -fstack-usage -fcyclomatic-complexity -MMD -MP -MF"Drivers/STM32F4xx_HAL_Driver/Src/stm32f4xx_hal_exti.d" -MT"Drivers/STM32F4xx_HAL_Driver/Src/stm32f4xx_hal_exti.o" --specs=nano.specs -mfpu=fpv4-sp-d16 -mfloat-abi=hard -mthumb -o "Drivers/STM32F4xx_HAL_Driver/Src/stm32f4xx_hal_exti.o"
arm-none-eabi-gcc "../Drivers/STM32F4xx_HAL_Driver/Src/stm32f4xx_hal_flash.c" -mcpu=cortex-m4 -std=gnu11 -g3 -DDEBUG -DUSE_HAL_DRIVER -DSTM32F407xx -c -I../Core/Inc -I../Drivers/STM32F4xx_HAL_Driver/Inc -I../Drivers/STM32F4xx_HAL_Driver/Inc/Legacy -I../Drivers/CMSIS/Device/ST/STM32F4xx/Include -I../Drivers/CMSIS/Include -O0 -ffunction-sections -fdata-sections -Wall -fstack-usage -fcyclomatic-complexity -MMD -MP -MF"Drivers/STM32F4xx_HAL_Driver/Src/stm32f4xx_hal_flash.d" -MT"Drivers/STM32F4xx_HAL_Driver/Src/stm32f4xx_hal_flash.o" --specs=nano.specs -mfpu=fpv4-sp-d16 -mfloat-abi=hard -mthumb -o "Drivers/STM32F4xx_HAL_Driver/Src/stm32f4xx_hal_flash.o"
arm-none-eabi-gcc "../Drivers/STM32F4xx_HAL_Driver/Src/stm32f4xx_hal_flash_ex.c" -mcpu=cortex-m4 -std=gnu11 -g3 -DDEBUG -DUSE_HAL_DRIVER -DSTM32F407xx -c -I../Core/Inc -I../Drivers/STM32F4xx_HAL_Driver/Inc -I../Drivers/STM32F4xx_HAL_Driver/Inc/Legacy -I../Drivers/CMSIS/Device/ST/STM32F4xx/Include -I../Drivers/CMSIS/Include -O0 -ffunction-sections -fdata-sections -Wall -fstack-usage -fcyclomatic-complexity -MMD -MP -MF"Drivers/STM32F4xx_HAL_Driver/Src/stm32f4xx_hal_flash_ex.d" -MT"Drivers/STM32F4xx_HAL_Driver/Src/stm32f4xx_hal_flash_ex.o" --specs=nano.specs -mfpu=fpv4-sp-d16 -mfloat-abi=hard -mthumb -o "Drivers/STM32F4xx_HAL_Driver/Src/stm32f4xx_hal_flash_ex.o"
arm-none-eabi-gcc "../Drivers/STM32F4xx_HAL_Driver/Src/stm32f4xx_hal_flash_ramfunc.c" -mcpu=cortex-m4 -std=gnu11 -g3 -DDEBUG -DUSE_HAL_DRIVER -DSTM32F407xx -c -I../Core/Inc -I../Drivers/STM32F4xx_HAL_Driver/Inc -I../Drivers/STM32F4xx_HAL_Driver/Inc/Legacy -I../Drivers/CMSIS/Device/ST/STM32F4xx/Include -I../Drivers/CMSIS/Include -O0 -ffunction-sections -fdata-sections -Wall -fstack-usage -fcyclomatic-complexity -MMD -MP -MF"Drivers/STM32F4xx_HAL_Driver/Src/stm32f4xx_hal_flash_ramfunc.d" -MT"Drivers/STM32F4xx_HAL_Driver/Src/stm32f4xx_hal_flash_ramfunc.o" --specs=nano.specs -mfpu=fpv4-sp-d16 -mfloat-abi=hard -mthumb -o "Drivers/STM32F4xx_HAL_Driver/Src/stm32f4xx_hal_flash_ramfunc.o"
arm-none-eabi-gcc "../Drivers/STM32F4xx_HAL_Driver/Src/stm32f4xx_hal_gpio.c" -mcpu=cortex-m4 -std=gnu11 -g3 -DDEBUG -DUSE_HAL_DRIVER -DSTM32F407xx -c -I../Core/Inc -I../Drivers/STM32F4xx_HAL_Driver/Inc -I../Drivers/STM32F4xx_HAL_Driver/Inc/Legacy -I../Drivers/CMSIS/Device/ST/STM32F4xx/Include -I../Drivers/CMSIS/Include -O0 -ffunction-sections -fdata-sections -Wall -fstack-usage -fcyclomatic-complexity -MMD -MP -MF"Drivers/STM32F4xx_HAL_Driver/Src/stm32f4xx_hal_gpio.d" -MT"Drivers/STM32F4xx_HAL_Driver/Src/stm32f4xx_hal_gpio.o" --specs=nano.specs -mfpu=fpv4-sp-d16 -mfloat-abi=hard -mthumb -o "Drivers/STM32F4xx_HAL_Driver/Src/stm32f4xx_hal_gpio.o"
arm-none-eabi-gcc "../Drivers/STM32F4xx_HAL_Driver/Src/stm32f4xx_hal_pwr.c" -mcpu=cortex-m4 -std=gnu11 -g3 -DDEBUG -DUSE_HAL_DRIVER -DSTM32F407xx -c -I../Core/Inc -I../Drivers/STM32F4xx_HAL_Driver/Inc -I../Drivers/STM32F4xx_HAL_Driver/Inc/Legacy -I../Drivers/CMSIS/Device/ST/STM32F4xx/Include -I../Drivers/CMSIS/Include -O0 -ffunction-sections -fdata-sections -Wall -fstack-usage -fcyclomatic-complexity -MMD -MP -MF"Drivers/STM32F4xx_HAL_Driver/Src/stm32f4xx_hal_pwr.d" -MT"Drivers/STM32F4xx_HAL_Driver/Src/stm32f4xx_hal_pwr.o" --specs=nano.specs -mfpu=fpv4-sp-d16 -mfloat-abi=hard -mthumb -o "Drivers/STM32F4xx_HAL_Driver/Src/stm32f4xx_hal_pwr.o"
arm-none-eabi-gcc "../Drivers/STM32F4xx_HAL_Driver/Src/stm32f4xx_hal_pwr_ex.c" -mcpu=cortex-m4 -std=gnu11 -g3 -DDEBUG -DUSE_HAL_DRIVER -DSTM32F407xx -c -I../Core/Inc -I../Drivers/STM32F4xx_HAL_Driver/Inc -I../Drivers/STM32F4xx_HAL_Driver/Inc/Legacy -I../Drivers/CMSIS/Device/ST/STM32F4xx/Include -I../Drivers/CMSIS/Include -O0 -ffunction-sections -fdata-sections -Wall -fstack-usage -fcyclomatic-complexity -MMD -MP -MF"Drivers/STM32F4xx_HAL_Driver/Src/stm32f4xx_hal_pwr_ex.d" -MT"Drivers/STM32F4xx_HAL_Driver/Src/stm32f4xx_hal_pwr_ex.o" --specs=nano.specs -mfpu=fpv4-sp-d16 -mfloat-abi=hard -mthumb -o "Drivers/STM32F4xx_HAL_Driver/Src/stm32f4xx_hal_pwr_ex.o"
arm-none-eabi-gcc "../Drivers/STM32F4xx_HAL_Driver/Src/stm32f4xx_hal_rcc.c" -mcpu=cortex-m4 -std=gnu11 -g3 -DDEBUG -DUSE_HAL_DRIVER -DSTM32F407xx -c -I../Core/Inc -I../Drivers/STM32F4xx_HAL_Driver/Inc -I../Drivers/STM32F4xx_HAL_Driver/Inc/Legacy -I../Drivers/CMSIS/Device/ST/STM32F4xx/Include -I../Drivers/CMSIS/Include -O0 -ffunction-sections -fdata-sections -Wall -fstack-usage -fcyclomatic-complexity -MMD -MP -MF"Drivers/STM32F4xx_HAL_Driver/Src/stm32f4xx_hal_rcc.d" -MT"Drivers/STM32F4xx_HAL_Driver/Src/stm32f4xx_hal_rcc.o" --specs=nano.specs -mfpu=fpv4-sp-d16 -mfloat-abi=hard -mthumb -o "Drivers/STM32F4xx_HAL_Driver/Src/stm32f4xx_hal_rcc.o"
arm-none-eabi-gcc "../Drivers/STM32F4xx_HAL_Driver/Src/stm32f4xx_hal_rcc_ex.c" -mcpu=cortex-m4 -std=gnu11 -g3 -DDEBUG -DUSE_HAL_DRIVER -DSTM32F407xx -c -I../Core/Inc -I../Drivers/STM32F4xx_HAL_Driver/Inc -I../Drivers/STM32F4xx_HAL_Driver/Inc/Legacy -I../Drivers/CMSIS/Device/ST/STM32F4xx/Include -I../Drivers/CMSIS/Include -O0 -ffunction-sections -fdata-sections -Wall -fstack-usage -fcyclomatic-complexity -MMD -MP -MF"Drivers/STM32F4xx_HAL_Driver/Src/stm32f4xx_hal_rcc_ex.d" -MT"Drivers/STM32F4xx_HAL_Driver/Src/stm32f4xx_hal_rcc_ex.o" --specs=nano.specs -mfpu=fpv4-sp-d16 -mfloat-abi=hard -mthumb -o "Drivers/STM32F4xx_HAL_Driver/Src/stm32f4xx_hal_rcc_ex.o"
arm-none-eabi-gcc "../Drivers/STM32F4xx_HAL_Driver/Src/stm32f4xx_hal_uart.c" -mcpu=cortex-m4 -std=gnu11 -g3 -DDEBUG -DUSE_HAL_DRIVER -DSTM32F407xx -c -I../Core/Inc -I../Drivers/STM32F4xx_HAL_Driver/Inc -I../Drivers/STM32F4xx_HAL_Driver/Inc/Legacy -I../Drivers/CMSIS/Device/ST/STM32F4xx/Include -I../Drivers/CMSIS/Include -O0 -ffunction-sections -fdata-sections -Wall -fstack-usage -fcyclomatic-complexity -MMD -MP -MF"Drivers/STM32F4xx_HAL_Driver/Src/stm32f4xx_hal_uart.d" -MT"Drivers/STM32F4xx_HAL_Driver/Src/stm32f4xx_hal_uart.o" --specs=nano.specs -mfpu=fpv4-sp-d16 -mfloat-abi=hard -mthumb -o "Drivers/STM32F4xx_HAL_Driver/Src/stm32f4xx_hal_uart.o"
arm-none-eabi-gcc -mcpu=cortex-m4 -g3 -DDEBUG -c -x assembler-with-cpp -MMD -MP -MF"Core/Startup/startup_stm32f407vgtx.d" -MT"Core/Startup/startup_stm32f407vgtx.o" --specs=nano.specs -mfpu=fpv4-sp-d16 -mfloat-abi=hard -mthumb -o "Core/Startup/startup_stm32f407vgtx.o" "../Core/Startup/startup_stm32f407vgtx.s"
arm-none-eabi-gcc "../Core/Src/main.c" -mcpu=cortex-m4 -std=gnu11 -g3 -DDEBUG -DUSE_HAL_DRIVER -DSTM32F407xx -c -I../Core/Inc -I../Drivers/STM32F4xx_HAL_Driver/Inc -I../Drivers/STM32F4xx_HAL_Driver/Inc/Legacy -I../Drivers/CMSIS/Device/ST/STM32F4xx/Include -I../Drivers/CMSIS/Include -O0 -ffunction-sections -fdata-sections -Wall -fstack-usage -fcyclomatic-complexity -MMD -MP -MF"Core/Src/main.d" -MT"Core/Src/main.o" --specs=nano.specs -mfpu=fpv4-sp-d16 -mfloat-abi=hard -mthumb -o "Core/Src/main.o"
arm-none-eabi-gcc "../Core/Src/stm32f4xx_hal_msp.c" -mcpu=cortex-m4 -std=gnu11 -g3 -DDEBUG -DUSE_HAL_DRIVER -DSTM32F407xx -c -I../Core/Inc -I../Drivers/STM32F4xx_HAL_Driver/Inc -I../Drivers/STM32F4xx_HAL_Driver/Inc/Legacy -I../Drivers/CMSIS/Device/ST/STM32F4xx/Include -I../Drivers/CMSIS/Include -O0 -ffunction-sections -fdata-sections -Wall -fstack-usage -fcyclomatic-complexity -MMD -MP -MF"Core/Src/stm32f4xx_hal_msp.d" -MT"Core/Src/stm32f4xx_hal_msp.o" --specs=nano.specs -mfpu=fpv4-sp-d16 -mfloat-abi=hard -mthumb -o "Core/Src/stm32f4xx_hal_msp.o"
arm-none-eabi-gcc "../Core/Src/stm32f4xx_it.c" -mcpu=cortex-m4 -std=gnu11 -g3 -DDEBUG -DUSE_HAL_DRIVER -DSTM32F407xx -c -I../Core/Inc -I../Drivers/STM32F4xx_HAL_Driver/Inc -I../Drivers/STM32F4xx_HAL_Driver/Inc/Legacy -I../Drivers/CMSIS/Device/ST/STM32F4xx/Include -I../Drivers/CMSIS/Include -O0 -ffunction-sections -fdata-sections -Wall -fstack-usage -fcyclomatic-complexity -MMD -MP -MF"Core/Src/stm32f4xx_it.d" -MT"Core/Src/stm32f4xx_it.o" --specs=nano.specs -mfpu=fpv4-sp-d16 -mfloat-abi=hard -mthumb -o "Core/Src/stm32f4xx_it.o"
arm-none-eabi-gcc "../Core/Src/syscalls.c" -mcpu=cortex-m4 -std=gnu11 -g3 -DDEBUG -DUSE_HAL_DRIVER -DSTM32F407xx -c -I../Core/Inc -I../Drivers/STM32F4xx_HAL_Driver/Inc -I../Drivers/STM32F4xx_HAL_Driver/Inc/Legacy -I../Drivers/CMSIS/Device/ST/STM32F4xx/Include -I../Drivers/CMSIS/Include -O0 -ffunction-sections -fdata-sections -Wall -fstack-usage -fcyclomatic-complexity -MMD -MP -MF"Core/Src/syscalls.d" -MT"Core/Src/syscalls.o" --specs=nano.specs -mfpu=fpv4-sp-d16 -mfloat-abi=hard -mthumb -o "Core/Src/syscalls.o"
arm-none-eabi-gcc "../Core/Src/sysmem.c" -mcpu=cortex-m4 -std=gnu11 -g3 -DDEBUG -DUSE_HAL_DRIVER -DSTM32F407xx -c -I../Core/Inc -I../Drivers/STM32F4xx_HAL_Driver/Inc -I../Drivers/STM32F4xx_HAL_Driver/Inc/Legacy -I../Drivers/CMSIS/Device/ST/STM32F4xx/Include -I../Drivers/CMSIS/Include -O0 -ffunction-sections -fdata-sections -Wall -fstack-usage -fcyclomatic-complexity -MMD -MP -MF"Core/Src/sysmem.d" -MT"Core/Src/sysmem.o" --specs=nano.specs -mfpu=fpv4-sp-d16 -mfloat-abi=hard -mthumb -o "Core/Src/sysmem.o"
arm-none-eabi-gcc "../Core/Src/system_stm32f4xx.c" -mcpu=cortex-m4 -std=gnu11 -g3 -DDEBUG -DUSE_HAL_DRIVER -DSTM32F407xx -c -I../Core/Inc -I../Drivers/STM32F4xx_HAL_Driver/Inc -I../Drivers/STM32F4xx_HAL_Driver/Inc/Legacy -I../Drivers/CMSIS/Device/ST/STM32F4xx/Include -I../Drivers/CMSIS/Include -O0 -ffunction-sections -fdata-sections -Wall -fstack-usage -fcyclomatic-complexity -MMD -MP -MF"Core/Src/system_stm32f4xx.d" -MT"Core/Src/system_stm32f4xx.o" --specs=nano.specs -mfpu=fpv4-sp-d16 -mfloat-abi=hard -mthumb -o "Core/Src/system_stm32f4xx.o"
../Core/Src/main.c:28:9: error: expected '=', ',', ';', 'asm' or '__attribute__' before 'buffer'
   28 | char rx buffer[MAX_LEN];
      |         ^~~~~~
../Core/Src/main.c: In function 'main':
../Core/Src/main.c:115:19: error: 'rx_buffer' undeclared (first use in this function); did you mean 'setbuffer'?
  115 |                   rx_buffer[rx_index]= '\0';
      |                   ^~~~~~~~~
      |                   setbuffer
../Core/Src/main.c:115:19: note: each undeclared identifier is reported only once for each function it appears in
../Core/Src/main.c:119:83: error: expected ')' before numeric constant
  119 |                   HAL_UART_Transmit(&huart2,(uint8_t*)rx_buffer, strlen(rx_buffer)HAL_MAX_DELAY);
      |                                    ~                                              ^
      |                                                                                   )
../Core/Src/main.c:119:19: error: too few arguments to function 'HAL_UART_Transmit'
  119 |                   HAL_UART_Transmit(&huart2,(uint8_t*)rx_buffer, strlen(rx_buffer)HAL_MAX_DELAY);
      |                   ^~~~~~~~~~~~~~~~~
In file included from ../Core/Inc/stm32f4xx_hal_conf.h:411,
                 from ../Drivers/STM32F4xx_HAL_Driver/Inc/stm32f4xx_hal.h:29,
                 from ../Core/Inc/main.h:30,
                 from ../Core/Src/main.c:20:
../Drivers/STM32F4xx_HAL_Driver/Inc/stm32f4xx_hal_uart.h:745:19: note: declared here
  745 | HAL_StatusTypeDef HAL_UART_Transmit(UART_HandleTypeDef *huart, const uint8_t *pData, uint16_t Size, uint32_t Timeout);
      |                   ^~~~~~~~~~~~~~~~~
../Core/Src/main.c:123:24: error: redefinition of 'msg1'
  123 |                   char msg1[]= "\r\nUppercase :";
      |                        ^~~~
../Core/Src/main.c:117:24: note: previous definition of 'msg1' with type 'char[12]'
  117 |                   char msg1[]= "\r\nYou Sent:";
      |                        ^~~~
../Core/Src/main.c:124:54: error: 'msg2' undeclared (first use in this function); did you mean 'msg1'?
  124 |                  HAL_UART_Transmit(&huart2,(uint8_t*)msg2, strlen(msg2),HAL_MAX_DELAY);
      |                                                      ^~~~
      |                                                      msg1
../Core/Src/main.c:125:82: error: expected ')' before numeric constant
  125 |                  HAL_UART_Transmit(&huart2,(uint8_t*)rx_buffer, strlen(rx_buffer)HAL_MAX_DELAY);
      |                                   ~                                              ^
      |                                                                                  )
../Core/Src/main.c:125:18: error: too few arguments to function 'HAL_UART_Transmit'
  125 |                  HAL_UART_Transmit(&huart2,(uint8_t*)rx_buffer, strlen(rx_buffer)HAL_MAX_DELAY);
      |                  ^~~~~~~~~~~~~~~~~
../Drivers/STM32F4xx_HAL_Driver/Inc/stm32f4xx_hal_uart.h:745:19: note: declared here
  745 | HAL_StatusTypeDef HAL_UART_Transmit(UART_HandleTypeDef *huart, const uint8_t *pData, uint16_t Size, uint32_t Timeout);
      |                   ^~~~~~~~~~~~~~~~~
../Core/Src/main.c:132:82: error: expected ')' before numeric constant
  132 |                  HAL_UART_Transmit(&huart2,(uint8_t*)rx_buffer, strlen(rx_buffer)HAL_MAX_DELAY);
      |                                   ~                                              ^
      |                                                                                  )
../Core/Src/main.c:132:18: error: too few arguments to function 'HAL_UART_Transmit'
  132 |                  HAL_UART_Transmit(&huart2,(uint8_t*)rx_buffer, strlen(rx_buffer)HAL_MAX_DELAY);
      |                  ^~~~~~~~~~~~~~~~~
../Drivers/STM32F4xx_HAL_Driver/Inc/stm32f4xx_hal_uart.h:745:19: note: declared here
  745 | HAL_StatusTypeDef HAL_UART_Transmit(UART_HandleTypeDef *huart, const uint8_t *pData, uint16_t Size, uint32_t Timeout);
      |                   ^~~~~~~~~~~~~~~~~
../Core/Src/main.c:134:23: error: redeclaration of 'msg' with no linkage
  134 |                  char msg[]="\r\n";
      |                       ^~~
../Core/Src/main.c:128:23: note: previous declaration of 'msg' with type 'char[50]'
  128 |                  char msg[50];
      |                       ^~~
../Core/Src/main.c:135:54: error: 'msg3' undeclared (first use in this function); did you mean 'msg'?
  135 |                  HAL_UART_Transmit(&huart2,(uint8_t*)msg3, strlen(msg3),HAL_MAX_DELAY);
      |                                                      ^~~~
      |                                                      msg
../Core/Src/main.c:134:23: warning: unused variable 'msg' [-Wunused-variable]
  134 |                  char msg[]="\r\n";
      |                       ^~~
../Core/Src/main.c:123:24: warning: unused variable 'msg1' [-Wunused-variable]
  123 |                   char msg1[]= "\r\nUppercase :";
      |                        ^~~~
make: *** [Core/Src/subdir.mk:34: Core/Src/main.o] Error 1
make: *** Waiting for unfinished jobs....
"make -j12 all" terminated with exit code 2. Build might be incomplete.
13:13:31 **** Incremental Build of configuration Debug for project buzzerq1 ****
make -j12 all 
arm-none-eabi-size  buzzerq1.elf 
   text	   data	    bss	    dec	    hex	filename
  11296	    104	   2088	  13488	   34b0	buzzerq1.elf
Finished building: default.size.stdout
 
13:13:32 **** Incremental Build of configuration Debug for project buzzerq2 ****
make -j12 all 
arm-none-eabi-gcc "../Core/Src/main.c" -mcpu=cortex-m4 -std=gnu11 -g3 -DDEBUG -DUSE_HAL_DRIVER -DSTM32F407xx -c -I../Core/Inc -I../Drivers/STM32F4xx_HAL_Driver/Inc -I../Drivers/STM32F4xx_HAL_Driver/Inc/Legacy -I../Drivers/CMSIS/Device/ST/STM32F4xx/Include -I../Drivers/CMSIS/Include -O0 -ffunction-sections -fdata-sections -Wall -fstack-usage -fcyclomatic-complexity -MMD -MP -MF"Core/Src/main.d" -MT"Core/Src/main.o" --specs=nano.specs -mfpu=fpv4-sp-d16 -mfloat-abi=hard -mthumb -o "Core/Src/main.o"
../Core/Src/main.c:28:9: error: expected '=', ',', ';', 'asm' or '__attribute__' before 'buffer'
   28 | char rx buffer[MAX_LEN];
      |         ^~~~~~
../Core/Src/main.c: In function 'main':
../Core/Src/main.c:115:19: error: 'rx_buffer' undeclared (first use in this function); did you mean 'setbuffer'?
  115 |                   rx_buffer[rx_index] = '\0';
      |                   ^~~~~~~~~
      |                   setbuffer
../Core/Src/main.c:115:19: note: each undeclared identifier is reported only once for each function it appears in
../Core/Src/main.c:119:83: error: expected ')' before numeric constant
  119 |                   HAL_UART_Transmit(&huart2,(uint8_t*)rx_buffer, strlen(rx_buffer)HAL_MAX_DELAY);
      |                                    ~                                              ^
      |                                                                                   )
../Core/Src/main.c:119:19: error: too few arguments to function 'HAL_UART_Transmit'
  119 |                   HAL_UART_Transmit(&huart2,(uint8_t*)rx_buffer, strlen(rx_buffer)HAL_MAX_DELAY);
      |                   ^~~~~~~~~~~~~~~~~
In file included from ../Core/Inc/stm32f4xx_hal_conf.h:411,
                 from ../Drivers/STM32F4xx_HAL_Driver/Inc/stm32f4xx_hal.h:29,
                 from ../Core/Inc/main.h:30,
                 from ../Core/Src/main.c:20:
../Drivers/STM32F4xx_HAL_Driver/Inc/stm32f4xx_hal_uart.h:745:19: note: declared here
  745 | HAL_StatusTypeDef HAL_UART_Transmit(UART_HandleTypeDef *huart, const uint8_t *pData, uint16_t Size, uint32_t Timeout);
      |                   ^~~~~~~~~~~~~~~~~
../Core/Src/main.c:123:24: error: redefinition of 'msg1'
  123 |                   char msg1[]= "\r\nUppercase :";
      |                        ^~~~
../Core/Src/main.c:117:24: note: previous definition of 'msg1' with type 'char[12]'
  117 |                   char msg1[]= "\r\nYou Sent:";
      |                        ^~~~
../Core/Src/main.c:124:54: error: 'msg2' undeclared (first use in this function); did you mean 'msg1'?
  124 |                  HAL_UART_Transmit(&huart2,(uint8_t*)msg2, strlen(msg2),HAL_MAX_DELAY);
      |                                                      ^~~~
      |                                                      msg1
../Core/Src/main.c:125:82: error: expected ')' before numeric constant
  125 |                  HAL_UART_Transmit(&huart2,(uint8_t*)rx_buffer, strlen(rx_buffer)HAL_MAX_DELAY);
      |                                   ~                                              ^
      |                                                                                  )
../Core/Src/main.c:125:18: error: too few arguments to function 'HAL_UART_Transmit'
  125 |                  HAL_UART_Transmit(&huart2,(uint8_t*)rx_buffer, strlen(rx_buffer)HAL_MAX_DELAY);
      |                  ^~~~~~~~~~~~~~~~~
../Drivers/STM32F4xx_HAL_Driver/Inc/stm32f4xx_hal_uart.h:745:19: note: declared here
  745 | HAL_StatusTypeDef HAL_UART_Transmit(UART_HandleTypeDef *huart, const uint8_t *pData, uint16_t Size, uint32_t Timeout);
      |                   ^~~~~~~~~~~~~~~~~
../Core/Src/main.c:132:82: error: expected ')' before numeric constant
  132 |                  HAL_UART_Transmit(&huart2,(uint8_t*)rx_buffer, strlen(rx_buffer)HAL_MAX_DELAY);
      |                                   ~                                              ^
      |                                                                                  )
../Core/Src/main.c:132:18: error: too few arguments to function 'HAL_UART_Transmit'
  132 |                  HAL_UART_Transmit(&huart2,(uint8_t*)rx_buffer, strlen(rx_buffer)HAL_MAX_DELAY);
      |                  ^~~~~~~~~~~~~~~~~
../Drivers/STM32F4xx_HAL_Driver/Inc/stm32f4xx_hal_uart.h:745:19: note: declared here
  745 | HAL_StatusTypeDef HAL_UART_Transmit(UART_HandleTypeDef *huart, const uint8_t *pData, uint16_t Size, uint32_t Timeout);
      |                   ^~~~~~~~~~~~~~~~~
../Core/Src/main.c:134:23: error: redeclaration of 'msg' with no linkage
  134 |                  char msg[]="\r\n";
      |                       ^~~
../Core/Src/main.c:128:23: note: previous declaration of 'msg' with type 'char[50]'
  128 |                  char msg[50];
      |                       ^~~
../Core/Src/main.c:135:54: error: 'msg3' undeclared (first use in this function); did you mean 'msg'?
  135 |                  HAL_UART_Transmit(&huart2,(uint8_t*)msg3, strlen(msg3),HAL_MAX_DELAY);
      |                                                      ^~~~
      |                                                      msg
../Core/Src/main.c:134:23: warning: unused variable 'msg' [-Wunused-variable]
  134 |                  char msg[]="\r\n";
      |                       ^~~
../Core/Src/main.c:123:24: warning: unused variable 'msg1' [-Wunused-variable]
  123 |                   char msg1[]= "\r\nUppercase :";
      |                        ^~~~
make: *** [Core/Src/subdir.mk:34: Core/Src/main.o] Error 1
"make -j12 all" terminated with exit code 2. Build might be incomplete.
14:33:50 **** Incremental Build of configuration Debug for project buzzerq1 ****
make -j12 all 
arm-none-eabi-size  buzzerq1.elf 
   text	   data	    bss	    dec	    hex	filename
  11296	    104	   2088	  13488	   34b0	buzzerq1.elf
Finished building: default.size.stdout
 
14:33:50 **** Incremental Build of configuration Debug for project buzzerq2 ****
make -j12 all 
arm-none-eabi-gcc "../Core/Src/main.c" -mcpu=cortex-m4 -std=gnu11 -g3 -DDEBUG -DUSE_HAL_DRIVER -DSTM32F407xx -c -I../Core/Inc -I../Drivers/STM32F4xx_HAL_Driver/Inc -I../Drivers/STM32F4xx_HAL_Driver/Inc/Legacy -I../Drivers/CMSIS/Device/ST/STM32F4xx/Include -I../Drivers/CMSIS/Include -O0 -ffunction-sections -fdata-sections -Wall -fstack-usage -fcyclomatic-complexity -MMD -MP -MF"Core/Src/main.d" -MT"Core/Src/main.o" --specs=nano.specs -mfpu=fpv4-sp-d16 -mfloat-abi=hard -mthumb -o "Core/Src/main.o"
../Core/Src/main.c:28:9: error: expected '=', ',', ';', 'asm' or '__attribute__' before 'buffer'
   28 | char rx buffer[MAX_LEN];
      |         ^~~~~~
../Core/Src/main.c: In function 'main':
../Core/Src/main.c:115:19: error: 'rx_buffer' undeclared (first use in this function); did you mean 'setbuffer'?
  115 |                   rx_buffer[rx_index] = '\0';
      |                   ^~~~~~~~~
      |                   setbuffer
../Core/Src/main.c:115:19: note: each undeclared identifier is reported only once for each function it appears in
../Core/Src/main.c:119:83: error: expected ')' before numeric constant
  119 |                   HAL_UART_Transmit(&huart2,(uint8_t*)rx_buffer, strlen(rx_buffer)HAL_MAX_DELAY);
      |                                    ~                                              ^
      |                                                                                   )
../Core/Src/main.c:119:19: error: too few arguments to function 'HAL_UART_Transmit'
  119 |                   HAL_UART_Transmit(&huart2,(uint8_t*)rx_buffer, strlen(rx_buffer)HAL_MAX_DELAY);
      |                   ^~~~~~~~~~~~~~~~~
In file included from ../Core/Inc/stm32f4xx_hal_conf.h:411,
                 from ../Drivers/STM32F4xx_HAL_Driver/Inc/stm32f4xx_hal.h:29,
                 from ../Core/Inc/main.h:30,
                 from ../Core/Src/main.c:20:
../Drivers/STM32F4xx_HAL_Driver/Inc/stm32f4xx_hal_uart.h:745:19: note: declared here
  745 | HAL_StatusTypeDef HAL_UART_Transmit(UART_HandleTypeDef *huart, const uint8_t *pData, uint16_t Size, uint32_t Timeout);
      |                   ^~~~~~~~~~~~~~~~~
../Core/Src/main.c:123:24: error: redefinition of 'msg1'
  123 |                   char msg1[]= "\r\nUppercase :";
      |                        ^~~~
../Core/Src/main.c:117:24: note: previous definition of 'msg1' with type 'char[12]'
  117 |                   char msg1[]= "\r\nYou Sent:";
      |                        ^~~~
../Core/Src/main.c:124:54: error: 'msg2' undeclared (first use in this function); did you mean 'msg1'?
  124 |                  HAL_UART_Transmit(&huart2,(uint8_t*)msg2, strlen(msg2),HAL_MAX_DELAY);
      |                                                      ^~~~
      |                                                      msg1
../Core/Src/main.c:125:82: error: expected ')' before numeric constant
  125 |                  HAL_UART_Transmit(&huart2,(uint8_t*)rx_buffer, strlen(rx_buffer)HAL_MAX_DELAY);
      |                                   ~                                              ^
      |                                                                                  )
../Core/Src/main.c:125:18: error: too few arguments to function 'HAL_UART_Transmit'
  125 |                  HAL_UART_Transmit(&huart2,(uint8_t*)rx_buffer, strlen(rx_buffer)HAL_MAX_DELAY);
      |                  ^~~~~~~~~~~~~~~~~
../Drivers/STM32F4xx_HAL_Driver/Inc/stm32f4xx_hal_uart.h:745:19: note: declared here
  745 | HAL_StatusTypeDef HAL_UART_Transmit(UART_HandleTypeDef *huart, const uint8_t *pData, uint16_t Size, uint32_t Timeout);
      |                   ^~~~~~~~~~~~~~~~~
../Core/Src/main.c:132:82: error: expected ')' before numeric constant
  132 |                  HAL_UART_Transmit(&huart2,(uint8_t*)rx_buffer, strlen(rx_buffer)HAL_MAX_DELAY);
      |                                   ~                                              ^
      |                                                                                  )
../Core/Src/main.c:132:18: error: too few arguments to function 'HAL_UART_Transmit'
  132 |                  HAL_UART_Transmit(&huart2,(uint8_t*)rx_buffer, strlen(rx_buffer)HAL_MAX_DELAY);
      |                  ^~~~~~~~~~~~~~~~~
../Drivers/STM32F4xx_HAL_Driver/Inc/stm32f4xx_hal_uart.h:745:19: note: declared here
  745 | HAL_StatusTypeDef HAL_UART_Transmit(UART_HandleTypeDef *huart, const uint8_t *pData, uint16_t Size, uint32_t Timeout);
      |                   ^~~~~~~~~~~~~~~~~
../Core/Src/main.c:134:23: error: redeclaration of 'msg' with no linkage
  134 |                  char msg[]="\r\n";
      |                       ^~~
../Core/Src/main.c:128:23: note: previous declaration of 'msg' with type 'char[50]'
  128 |                  char msg[50];
      |                       ^~~
../Core/Src/main.c:135:54: error: 'msg3' undeclared (first use in this function); did you mean 'msg'?
  135 |                  HAL_UART_Transmit(&huart2,(uint8_t*)msg3, strlen(msg3),HAL_MAX_DELAY);
      |                                                      ^~~~
      |                                                      msg
../Core/Src/main.c:134:23: warning: unused variable 'msg' [-Wunused-variable]
  134 |                  char msg[]="\r\n";
      |                       ^~~
../Core/Src/main.c:123:24: warning: unused variable 'msg1' [-Wunused-variable]
  123 |                   char msg1[]= "\r\nUppercase :";
      |                        ^~~~
make: *** [Core/Src/subdir.mk:34: Core/Src/main.o] Error 1
"make -j12 all" terminated with exit code 2. Build might be incomplete.
14:35:56 **** Incremental Build of configuration Debug for project buzzerq1 ****
make -j12 all 
arm-none-eabi-size  buzzerq1.elf 
   text	   data	    bss	    dec	    hex	filename
  11296	    104	   2088	  13488	   34b0	buzzerq1.elf
Finished building: default.size.stdout
 
14:35:56 **** Incremental Build of configuration Debug for project buzzerq2 ****
make -j12 all 
arm-none-eabi-gcc "../Core/Src/main.c" -mcpu=cortex-m4 -std=gnu11 -g3 -DDEBUG -DUSE_HAL_DRIVER -DSTM32F407xx -c -I../Core/Inc -I../Drivers/STM32F4xx_HAL_Driver/Inc -I../Drivers/STM32F4xx_HAL_Driver/Inc/Legacy -I../Drivers/CMSIS/Device/ST/STM32F4xx/Include -I../Drivers/CMSIS/Include -O0 -ffunction-sections -fdata-sections -Wall -fstack-usage -fcyclomatic-complexity -MMD -MP -MF"Core/Src/main.d" -MT"Core/Src/main.o" --specs=nano.specs -mfpu=fpv4-sp-d16 -mfloat-abi=hard -mthumb -o "Core/Src/main.o"
../Core/Src/main.c:28:9: error: expected '=', ',', ';', 'asm' or '__attribute__' before 'buffer'
   28 | char rx buffer[MAX_LEN];
      |         ^~~~~~
../Core/Src/main.c: In function 'main':
../Core/Src/main.c:115:19: error: 'rx_buffer' undeclared (first use in this function); did you mean 'setbuffer'?
  115 |                   rx_buffer[rx_index] = '\0';
      |                   ^~~~~~~~~
      |                   setbuffer
../Core/Src/main.c:115:19: note: each undeclared identifier is reported only once for each function it appears in
../Core/Src/main.c:119:83: error: expected ')' before numeric constant
  119 |                   HAL_UART_Transmit(&huart2,(uint8_t*)rx_buffer, strlen(rx_buffer)HAL_MAX_DELAY);
      |                                    ~                                              ^
      |                                                                                   )
../Core/Src/main.c:119:19: error: too few arguments to function 'HAL_UART_Transmit'
  119 |                   HAL_UART_Transmit(&huart2,(uint8_t*)rx_buffer, strlen(rx_buffer)HAL_MAX_DELAY);
      |                   ^~~~~~~~~~~~~~~~~
In file included from ../Core/Inc/stm32f4xx_hal_conf.h:411,
                 from ../Drivers/STM32F4xx_HAL_Driver/Inc/stm32f4xx_hal.h:29,
                 from ../Core/Inc/main.h:30,
                 from ../Core/Src/main.c:20:
../Drivers/STM32F4xx_HAL_Driver/Inc/stm32f4xx_hal_uart.h:745:19: note: declared here
  745 | HAL_StatusTypeDef HAL_UART_Transmit(UART_HandleTypeDef *huart, const uint8_t *pData, uint16_t Size, uint32_t Timeout);
      |                   ^~~~~~~~~~~~~~~~~
../Core/Src/main.c:123:24: error: redefinition of 'msg1'
  123 |                   char msg1[]= "\r\nUppercase :";
      |                        ^~~~
../Core/Src/main.c:117:24: note: previous definition of 'msg1' with type 'char[12]'
  117 |                   char msg1[]= "\r\nYou Sent:";
      |                        ^~~~
../Core/Src/main.c:124:54: error: 'msg2' undeclared (first use in this function); did you mean 'msg1'?
  124 |                  HAL_UART_Transmit(&huart2,(uint8_t*)msg2, strlen(msg2),HAL_MAX_DELAY);
      |                                                      ^~~~
      |                                                      msg1
../Core/Src/main.c:125:82: error: expected ')' before numeric constant
  125 |                  HAL_UART_Transmit(&huart2,(uint8_t*)rx_buffer, strlen(rx_buffer)HAL_MAX_DELAY);
      |                                   ~                                              ^
      |                                                                                  )
../Core/Src/main.c:125:18: error: too few arguments to function 'HAL_UART_Transmit'
  125 |                  HAL_UART_Transmit(&huart2,(uint8_t*)rx_buffer, strlen(rx_buffer)HAL_MAX_DELAY);
      |                  ^~~~~~~~~~~~~~~~~
../Drivers/STM32F4xx_HAL_Driver/Inc/stm32f4xx_hal_uart.h:745:19: note: declared here
  745 | HAL_StatusTypeDef HAL_UART_Transmit(UART_HandleTypeDef *huart, const uint8_t *pData, uint16_t Size, uint32_t Timeout);
      |                   ^~~~~~~~~~~~~~~~~
../Core/Src/main.c:132:82: error: expected ')' before numeric constant
  132 |                  HAL_UART_Transmit(&huart2,(uint8_t*)rx_buffer, strlen(rx_buffer)HAL_MAX_DELAY);
      |                                   ~                                              ^
      |                                                                                  )
../Core/Src/main.c:132:18: error: too few arguments to function 'HAL_UART_Transmit'
  132 |                  HAL_UART_Transmit(&huart2,(uint8_t*)rx_buffer, strlen(rx_buffer)HAL_MAX_DELAY);
      |                  ^~~~~~~~~~~~~~~~~
../Drivers/STM32F4xx_HAL_Driver/Inc/stm32f4xx_hal_uart.h:745:19: note: declared here
  745 | HAL_StatusTypeDef HAL_UART_Transmit(UART_HandleTypeDef *huart, const uint8_t *pData, uint16_t Size, uint32_t Timeout);
      |                   ^~~~~~~~~~~~~~~~~
../Core/Src/main.c:134:23: error: redeclaration of 'msg' with no linkage
  134 |                  char msg[]="\r\n";
      |                       ^~~
../Core/Src/main.c:128:23: note: previous declaration of 'msg' with type 'char[50]'
  128 |                  char msg[50];
      |                       ^~~
../Core/Src/main.c:135:54: error: 'msg3' undeclared (first use in this function); did you mean 'msg'?
  135 |                  HAL_UART_Transmit(&huart2,(uint8_t*)msg3, strlen(msg3),HAL_MAX_DELAY);
      |                                                      ^~~~
      |                                                      msg
../Core/Src/main.c:134:23: warning: unused variable 'msg' [-Wunused-variable]
  134 |                  char msg[]="\r\n";
      |                       ^~~
../Core/Src/main.c:123:24: warning: unused variable 'msg1' [-Wunused-variable]
  123 |                   char msg1[]= "\r\nUppercase :";
      |                        ^~~~
make: *** [Core/Src/subdir.mk:34: Core/Src/main.o] Error 1
"make -j12 all" terminated with exit code 2. Build might be incomplete.
14:40:25 **** Incremental Build of configuration Debug for project buzzerq1 ****
make -j12 all 
arm-none-eabi-size  buzzerq1.elf 
   text	   data	    bss	    dec	    hex	filename
  11296	    104	   2088	  13488	   34b0	buzzerq1.elf
Finished building: default.size.stdout
 
14:40:26 **** Incremental Build of configuration Debug for project buzzerq2 ****
make -j12 all 
arm-none-eabi-gcc "../Core/Src/main.c" -mcpu=cortex-m4 -std=gnu11 -g3 -DDEBUG -DUSE_HAL_DRIVER -DSTM32F407xx -c -I../Core/Inc -I../Drivers/STM32F4xx_HAL_Driver/Inc -I../Drivers/STM32F4xx_HAL_Driver/Inc/Legacy -I../Drivers/CMSIS/Device/ST/STM32F4xx/Include -I../Drivers/CMSIS/Include -O0 -ffunction-sections -fdata-sections -Wall -fstack-usage -fcyclomatic-complexity -MMD -MP -MF"Core/Src/main.d" -MT"Core/Src/main.o" --specs=nano.specs -mfpu=fpv4-sp-d16 -mfloat-abi=hard -mthumb -o "Core/Src/main.o"
../Core/Src/main.c:28:9: error: expected '=', ',', ';', 'asm' or '__attribute__' before 'buffer'
   28 | char rx buffer[MAX_LEN];
      |         ^~~~~~
../Core/Src/main.c: In function 'main':
../Core/Src/main.c:115:19: error: 'rx_buffer' undeclared (first use in this function); did you mean 'setbuffer'?
  115 |                   rx_buffer[rx_index] = '\0';
      |                   ^~~~~~~~~
      |                   setbuffer
../Core/Src/main.c:115:19: note: each undeclared identifier is reported only once for each function it appears in
../Core/Src/main.c:119:83: error: expected ')' before numeric constant
  119 |                   HAL_UART_Transmit(&huart2,(uint8_t*)rx_buffer, strlen(rx_buffer)HAL_MAX_DELAY);
      |                                    ~                                              ^
      |                                                                                   )
../Core/Src/main.c:119:19: error: too few arguments to function 'HAL_UART_Transmit'
  119 |                   HAL_UART_Transmit(&huart2,(uint8_t*)rx_buffer, strlen(rx_buffer)HAL_MAX_DELAY);
      |                   ^~~~~~~~~~~~~~~~~
In file included from ../Core/Inc/stm32f4xx_hal_conf.h:411,
                 from ../Drivers/STM32F4xx_HAL_Driver/Inc/stm32f4xx_hal.h:29,
                 from ../Core/Inc/main.h:30,
                 from ../Core/Src/main.c:20:
../Drivers/STM32F4xx_HAL_Driver/Inc/stm32f4xx_hal_uart.h:745:19: note: declared here
  745 | HAL_StatusTypeDef HAL_UART_Transmit(UART_HandleTypeDef *huart, const uint8_t *pData, uint16_t Size, uint32_t Timeout);
      |                   ^~~~~~~~~~~~~~~~~
../Core/Src/main.c:125:83: error: expected ')' before numeric constant
  125 |                   HAL_UART_Transmit(&huart2,(uint8_t*)rx_buffer, strlen(rx_buffer)HAL_MAX_DELAY);
      |                                    ~                                              ^
      |                                                                                   )
../Core/Src/main.c:125:19: error: too few arguments to function 'HAL_UART_Transmit'
  125 |                   HAL_UART_Transmit(&huart2,(uint8_t*)rx_buffer, strlen(rx_buffer)HAL_MAX_DELAY);
      |                   ^~~~~~~~~~~~~~~~~
../Drivers/STM32F4xx_HAL_Driver/Inc/stm32f4xx_hal_uart.h:745:19: note: declared here
  745 | HAL_StatusTypeDef HAL_UART_Transmit(UART_HandleTypeDef *huart, const uint8_t *pData, uint16_t Size, uint32_t Timeout);
      |                   ^~~~~~~~~~~~~~~~~
../Core/Src/main.c:132:82: error: expected ')' before numeric constant
  132 |                  HAL_UART_Transmit(&huart2,(uint8_t*)rx_buffer, strlen(rx_buffer)HAL_MAX_DELAY);
      |                                   ~                                              ^
      |                                                                                  )
../Core/Src/main.c:132:18: error: too few arguments to function 'HAL_UART_Transmit'
  132 |                  HAL_UART_Transmit(&huart2,(uint8_t*)rx_buffer, strlen(rx_buffer)HAL_MAX_DELAY);
      |                  ^~~~~~~~~~~~~~~~~
../Drivers/STM32F4xx_HAL_Driver/Inc/stm32f4xx_hal_uart.h:745:19: note: declared here
  745 | HAL_StatusTypeDef HAL_UART_Transmit(UART_HandleTypeDef *huart, const uint8_t *pData, uint16_t Size, uint32_t Timeout);
      |                   ^~~~~~~~~~~~~~~~~
../Core/Src/main.c:134:23: error: redeclaration of 'msg' with no linkage
  134 |                  char msg[]="\r\n";
      |                       ^~~
../Core/Src/main.c:128:23: note: previous declaration of 'msg' with type 'char[50]'
  128 |                  char msg[50];
      |                       ^~~
../Core/Src/main.c:135:54: error: 'msg3' undeclared (first use in this function); did you mean 'msg'?
  135 |                  HAL_UART_Transmit(&huart2,(uint8_t*)msg3, strlen(msg3),HAL_MAX_DELAY);
      |                                                      ^~~~
      |                                                      msg
../Core/Src/main.c:134:23: warning: unused variable 'msg' [-Wunused-variable]
  134 |                  char msg[]="\r\n";
      |                       ^~~
make: *** [Core/Src/subdir.mk:34: Core/Src/main.o] Error 1
"make -j12 all" terminated with exit code 2. Build might be incomplete.
14:43:15 **** Incremental Build of configuration Debug for project buzzerq1 ****
make -j12 all 
arm-none-eabi-size  buzzerq1.elf 
   text	   data	    bss	    dec	    hex	filename
  11296	    104	   2088	  13488	   34b0	buzzerq1.elf
Finished building: default.size.stdout
 
14:43:16 **** Incremental Build of configuration Debug for project buzzerq2 ****
make -j12 all 
arm-none-eabi-gcc "../Core/Src/main.c" -mcpu=cortex-m4 -std=gnu11 -g3 -DDEBUG -DUSE_HAL_DRIVER -DSTM32F407xx -c -I../Core/Inc -I../Drivers/STM32F4xx_HAL_Driver/Inc -I../Drivers/STM32F4xx_HAL_Driver/Inc/Legacy -I../Drivers/CMSIS/Device/ST/STM32F4xx/Include -I../Drivers/CMSIS/Include -O0 -ffunction-sections -fdata-sections -Wall -fstack-usage -fcyclomatic-complexity -MMD -MP -MF"Core/Src/main.d" -MT"Core/Src/main.o" --specs=nano.specs -mfpu=fpv4-sp-d16 -mfloat-abi=hard -mthumb -o "Core/Src/main.o"
../Core/Src/main.c:28:9: error: expected '=', ',', ';', 'asm' or '__attribute__' before 'buffer'
   28 | char rx buffer[MAX_LEN];
      |         ^~~~~~
../Core/Src/main.c: In function 'main':
../Core/Src/main.c:115:19: error: 'rx_buffer' undeclared (first use in this function); did you mean 'setbuffer'?
  115 |                   rx_buffer[rx_index] = '\0';
      |                   ^~~~~~~~~
      |                   setbuffer
../Core/Src/main.c:115:19: note: each undeclared identifier is reported only once for each function it appears in
../Core/Src/main.c:119:83: error: expected ')' before numeric constant
  119 |                   HAL_UART_Transmit(&huart2,(uint8_t*)rx_buffer, strlen(rx_buffer)HAL_MAX_DELAY);
      |                                    ~                                              ^
      |                                                                                   )
../Core/Src/main.c:119:19: error: too few arguments to function 'HAL_UART_Transmit'
  119 |                   HAL_UART_Transmit(&huart2,(uint8_t*)rx_buffer, strlen(rx_buffer)HAL_MAX_DELAY);
      |                   ^~~~~~~~~~~~~~~~~
In file included from ../Core/Inc/stm32f4xx_hal_conf.h:411,
                 from ../Drivers/STM32F4xx_HAL_Driver/Inc/stm32f4xx_hal.h:29,
                 from ../Core/Inc/main.h:30,
                 from ../Core/Src/main.c:20:
../Drivers/STM32F4xx_HAL_Driver/Inc/stm32f4xx_hal_uart.h:745:19: note: declared here
  745 | HAL_StatusTypeDef HAL_UART_Transmit(UART_HandleTypeDef *huart, const uint8_t *pData, uint16_t Size, uint32_t Timeout);
      |                   ^~~~~~~~~~~~~~~~~
../Core/Src/main.c:125:83: error: expected ')' before numeric constant
  125 |                   HAL_UART_Transmit(&huart2,(uint8_t*)rx_buffer, strlen(rx_buffer)HAL_MAX_DELAY);
      |                                    ~                                              ^
      |                                                                                   )
../Core/Src/main.c:125:19: error: too few arguments to function 'HAL_UART_Transmit'
  125 |                   HAL_UART_Transmit(&huart2,(uint8_t*)rx_buffer, strlen(rx_buffer)HAL_MAX_DELAY);
      |                   ^~~~~~~~~~~~~~~~~
../Drivers/STM32F4xx_HAL_Driver/Inc/stm32f4xx_hal_uart.h:745:19: note: declared here
  745 | HAL_StatusTypeDef HAL_UART_Transmit(UART_HandleTypeDef *huart, const uint8_t *pData, uint16_t Size, uint32_t Timeout);
      |                   ^~~~~~~~~~~~~~~~~
../Core/Src/main.c:132:82: error: expected ')' before numeric constant
  132 |                  HAL_UART_Transmit(&huart2,(uint8_t*)rx_buffer, strlen(rx_buffer)HAL_MAX_DELAY);
      |                                   ~                                              ^
      |                                                                                  )
../Core/Src/main.c:132:18: error: too few arguments to function 'HAL_UART_Transmit'
  132 |                  HAL_UART_Transmit(&huart2,(uint8_t*)rx_buffer, strlen(rx_buffer)HAL_MAX_DELAY);
      |                  ^~~~~~~~~~~~~~~~~
../Drivers/STM32F4xx_HAL_Driver/Inc/stm32f4xx_hal_uart.h:745:19: note: declared here
  745 | HAL_StatusTypeDef HAL_UART_Transmit(UART_HandleTypeDef *huart, const uint8_t *pData, uint16_t Size, uint32_t Timeout);
      |                   ^~~~~~~~~~~~~~~~~
../Core/Src/main.c:134:23: error: redeclaration of 'msg' with no linkage
  134 |                  char msg[]="\r\n";
      |                       ^~~
../Core/Src/main.c:128:23: note: previous declaration of 'msg' with type 'char[50]'
  128 |                  char msg[50];
      |                       ^~~
../Core/Src/main.c:135:54: error: 'msg3' undeclared (first use in this function); did you mean 'msg'?
  135 |                  HAL_UART_Transmit(&huart2,(uint8_t*)msg3, strlen(msg3),HAL_MAX_DELAY);
      |                                                      ^~~~
      |                                                      msg
../Core/Src/main.c:134:23: warning: unused variable 'msg' [-Wunused-variable]
  134 |                  char msg[]="\r\n";
      |                       ^~~
make: *** [Core/Src/subdir.mk:34: Core/Src/main.o] Error 1
"make -j12 all" terminated with exit code 2. Build might be incomplete.
14:46:52 **** Incremental Build of configuration Debug for project buzzerq1 ****
make -j12 all 
arm-none-eabi-size  buzzerq1.elf 
   text	   data	    bss	    dec	    hex	filename
  11296	    104	   2088	  13488	   34b0	buzzerq1.elf
Finished building: default.size.stdout
 
14:46:56 **** Incremental Build of configuration Debug for project buzzerq2 ****
make -j12 all 
arm-none-eabi-gcc "../Core/Src/main.c" -mcpu=cortex-m4 -std=gnu11 -g3 -DDEBUG -DUSE_HAL_DRIVER -DSTM32F407xx -c -I../Core/Inc -I../Drivers/STM32F4xx_HAL_Driver/Inc -I../Drivers/STM32F4xx_HAL_Driver/Inc/Legacy -I../Drivers/CMSIS/Device/ST/STM32F4xx/Include -I../Drivers/CMSIS/Include -O0 -ffunction-sections -fdata-sections -Wall -fstack-usage -fcyclomatic-complexity -MMD -MP -MF"Core/Src/main.d" -MT"Core/Src/main.o" --specs=nano.specs -mfpu=fpv4-sp-d16 -mfloat-abi=hard -mthumb -o "Core/Src/main.o"
../Core/Src/main.c:28:9: error: expected '=', ',', ';', 'asm' or '__attribute__' before 'buffer'
   28 | char rx buffer[MAX_LEN];
      |         ^~~~~~
../Core/Src/main.c: In function 'main':
../Core/Src/main.c:115:19: error: 'rx_buffer' undeclared (first use in this function); did you mean 'setbuffer'?
  115 |                   rx_buffer[rx_index] = '\0';
      |                   ^~~~~~~~~
      |                   setbuffer
../Core/Src/main.c:115:19: note: each undeclared identifier is reported only once for each function it appears in
../Core/Src/main.c:125:83: error: expected ')' before numeric constant
  125 |                   HAL_UART_Transmit(&huart2,(uint8_t*)rx_buffer, strlen(rx_buffer)HAL_MAX_DELAY);
      |                                    ~                                              ^
      |                                                                                   )
../Core/Src/main.c:125:19: error: too few arguments to function 'HAL_UART_Transmit'
  125 |                   HAL_UART_Transmit(&huart2,(uint8_t*)rx_buffer, strlen(rx_buffer)HAL_MAX_DELAY);
      |                   ^~~~~~~~~~~~~~~~~
In file included from ../Core/Inc/stm32f4xx_hal_conf.h:411,
                 from ../Drivers/STM32F4xx_HAL_Driver/Inc/stm32f4xx_hal.h:29,
                 from ../Core/Inc/main.h:30,
                 from ../Core/Src/main.c:20:
../Drivers/STM32F4xx_HAL_Driver/Inc/stm32f4xx_hal_uart.h:745:19: note: declared here
  745 | HAL_StatusTypeDef HAL_UART_Transmit(UART_HandleTypeDef *huart, const uint8_t *pData, uint16_t Size, uint32_t Timeout);
      |                   ^~~~~~~~~~~~~~~~~
../Core/Src/main.c:132:82: error: expected ')' before numeric constant
  132 |                  HAL_UART_Transmit(&huart2,(uint8_t*)rx_buffer, strlen(rx_buffer)HAL_MAX_DELAY);
      |                                   ~                                              ^
      |                                                                                  )
../Core/Src/main.c:132:18: error: too few arguments to function 'HAL_UART_Transmit'
  132 |                  HAL_UART_Transmit(&huart2,(uint8_t*)rx_buffer, strlen(rx_buffer)HAL_MAX_DELAY);
      |                  ^~~~~~~~~~~~~~~~~
../Drivers/STM32F4xx_HAL_Driver/Inc/stm32f4xx_hal_uart.h:745:19: note: declared here
  745 | HAL_StatusTypeDef HAL_UART_Transmit(UART_HandleTypeDef *huart, const uint8_t *pData, uint16_t Size, uint32_t Timeout);
      |                   ^~~~~~~~~~~~~~~~~
../Core/Src/main.c:134:23: error: redeclaration of 'msg' with no linkage
  134 |                  char msg[]="\r\n";
      |                       ^~~
../Core/Src/main.c:128:23: note: previous declaration of 'msg' with type 'char[50]'
  128 |                  char msg[50];
      |                       ^~~
../Core/Src/main.c:135:54: error: 'msg3' undeclared (first use in this function); did you mean 'msg'?
  135 |                  HAL_UART_Transmit(&huart2,(uint8_t*)msg3, strlen(msg3),HAL_MAX_DELAY);
      |                                                      ^~~~
      |                                                      msg
../Core/Src/main.c:134:23: warning: unused variable 'msg' [-Wunused-variable]
  134 |                  char msg[]="\r\n";
      |                       ^~~
make: *** [Core/Src/subdir.mk:34: Core/Src/main.o] Error 1
"make -j12 all" terminated with exit code 2. Build might be incomplete.
14:48:08 **** Incremental Build of configuration Debug for project buzzerq1 ****
make -j12 all 
arm-none-eabi-size  buzzerq1.elf 
   text	   data	    bss	    dec	    hex	filename
  11296	    104	   2088	  13488	   34b0	buzzerq1.elf
Finished building: default.size.stdout
 
14:48:08 **** Incremental Build of configuration Debug for project buzzerq2 ****
make -j12 all 
arm-none-eabi-gcc "../Core/Src/main.c" -mcpu=cortex-m4 -std=gnu11 -g3 -DDEBUG -DUSE_HAL_DRIVER -DSTM32F407xx -c -I../Core/Inc -I../Drivers/STM32F4xx_HAL_Driver/Inc -I../Drivers/STM32F4xx_HAL_Driver/Inc/Legacy -I../Drivers/CMSIS/Device/ST/STM32F4xx/Include -I../Drivers/CMSIS/Include -O0 -ffunction-sections -fdata-sections -Wall -fstack-usage -fcyclomatic-complexity -MMD -MP -MF"Core/Src/main.d" -MT"Core/Src/main.o" --specs=nano.specs -mfpu=fpv4-sp-d16 -mfloat-abi=hard -mthumb -o "Core/Src/main.o"
../Core/Src/main.c:28:9: error: expected '=', ',', ';', 'asm' or '__attribute__' before 'buffer'
   28 | char rx buffer[MAX_LEN];
      |         ^~~~~~
../Core/Src/main.c: In function 'main':
../Core/Src/main.c:115:19: error: 'rx_buffer' undeclared (first use in this function); did you mean 'setbuffer'?
  115 |                   rx_buffer[rx_index] = '\0';
      |                   ^~~~~~~~~
      |                   setbuffer
../Core/Src/main.c:115:19: note: each undeclared identifier is reported only once for each function it appears in
../Core/Src/main.c:136:23: error: redeclaration of 'msg' with no linkage
  136 |                  char msg[]="\r\n";
      |                       ^~~
../Core/Src/main.c:129:23: note: previous declaration of 'msg' with type 'char[50]'
  129 |                  char msg[50];
      |                       ^~~
../Core/Src/main.c:137:54: error: 'msg3' undeclared (first use in this function); did you mean 'msg'?
  137 |                  HAL_UART_Transmit(&huart2,(uint8_t*)msg3, strlen(msg3),HAL_MAX_DELAY);
      |                                                      ^~~~
      |                                                      msg
../Core/Src/main.c:136:23: warning: unused variable 'msg' [-Wunused-variable]
  136 |                  char msg[]="\r\n";
      |                       ^~~
make: *** [Core/Src/subdir.mk:34: Core/Src/main.o] Error 1
"make -j12 all" terminated with exit code 2. Build might be incomplete.
14:50:30 **** Incremental Build of configuration Debug for project buzzerq1 ****
make -j12 all 
arm-none-eabi-size  buzzerq1.elf 
   text	   data	    bss	    dec	    hex	filename
  11296	    104	   2088	  13488	   34b0	buzzerq1.elf
Finished building: default.size.stdout
 
14:50:30 **** Incremental Build of configuration Debug for project buzzerq2 ****
make -j12 all 
arm-none-eabi-gcc "../Core/Src/main.c" -mcpu=cortex-m4 -std=gnu11 -g3 -DDEBUG -DUSE_HAL_DRIVER -DSTM32F407xx -c -I../Core/Inc -I../Drivers/STM32F4xx_HAL_Driver/Inc -I../Drivers/STM32F4xx_HAL_Driver/Inc/Legacy -I../Drivers/CMSIS/Device/ST/STM32F4xx/Include -I../Drivers/CMSIS/Include -O0 -ffunction-sections -fdata-sections -Wall -fstack-usage -fcyclomatic-complexity -MMD -MP -MF"Core/Src/main.d" -MT"Core/Src/main.o" --specs=nano.specs -mfpu=fpv4-sp-d16 -mfloat-abi=hard -mthumb -o "Core/Src/main.o"
../Core/Src/main.c:28:9: error: expected '=', ',', ';', 'asm' or '__attribute__' before 'buffer'
   28 | char rx buffer[MAX_LEN];
      |         ^~~~~~
../Core/Src/main.c: In function 'main':
../Core/Src/main.c:115:19: error: 'rx_buffer' undeclared (first use in this function); did you mean 'setbuffer'?
  115 |                   rx_buffer[rx_index] = '\0';
      |                   ^~~~~~~~~
      |                   setbuffer
../Core/Src/main.c:115:19: note: each undeclared identifier is reported only once for each function it appears in
make: *** [Core/Src/subdir.mk:34: Core/Src/main.o] Error 1
"make -j12 all" terminated with exit code 2. Build might be incomplete.
14:52:02 **** Incremental Build of configuration Debug for project buzzerq1 ****
make -j12 all 
arm-none-eabi-size  buzzerq1.elf 
   text	   data	    bss	    dec	    hex	filename
  11296	    104	   2088	  13488	   34b0	buzzerq1.elf
Finished building: default.size.stdout
 
14:52:03 **** Incremental Build of configuration Debug for project buzzerq2 ****
make -j12 all 
arm-none-eabi-gcc "../Core/Src/main.c" -mcpu=cortex-m4 -std=gnu11 -g3 -DDEBUG -DUSE_HAL_DRIVER -DSTM32F407xx -c -I../Core/Inc -I../Drivers/STM32F4xx_HAL_Driver/Inc -I../Drivers/STM32F4xx_HAL_Driver/Inc/Legacy -I../Drivers/CMSIS/Device/ST/STM32F4xx/Include -I../Drivers/CMSIS/Include -O0 -ffunction-sections -fdata-sections -Wall -fstack-usage -fcyclomatic-complexity -MMD -MP -MF"Core/Src/main.d" -MT"Core/Src/main.o" --specs=nano.specs -mfpu=fpv4-sp-d16 -mfloat-abi=hard -mthumb -o "Core/Src/main.o"
../Core/Src/main.c:28:9: error: expected '=', ',', ';', 'asm' or '__attribute__' before 'buffer'
   28 | char rx buffer[MAX_LEN];
      |         ^~~~~~
../Core/Src/main.c: In function 'main':
../Core/Src/main.c:115:19: error: 'rx_buffer' undeclared (first use in this function); did you mean 'setbuffer'?
  115 |                   rx_buffer[rx_index] = '\0';                   //terminate string
      |                   ^~~~~~~~~
      |                   setbuffer
../Core/Src/main.c:115:19: note: each undeclared identifier is reported only once for each function it appears in
make: *** [Core/Src/subdir.mk:34: Core/Src/main.o] Error 1
"make -j12 all" terminated with exit code 2. Build might be incomplete.
14:53:17 **** Incremental Build of configuration Debug for project buzzerq1 ****
make -j12 all 
arm-none-eabi-size  buzzerq1.elf 
   text	   data	    bss	    dec	    hex	filename
  11296	    104	   2088	  13488	   34b0	buzzerq1.elf
Finished building: default.size.stdout
 
14:53:18 **** Incremental Build of configuration Debug for project buzzerq2 ****
make -j12 all 
arm-none-eabi-gcc "../Core/Src/main.c" -mcpu=cortex-m4 -std=gnu11 -g3 -DDEBUG -DUSE_HAL_DRIVER -DSTM32F407xx -c -I../Core/Inc -I../Drivers/STM32F4xx_HAL_Driver/Inc -I../Drivers/STM32F4xx_HAL_Driver/Inc/Legacy -I../Drivers/CMSIS/Device/ST/STM32F4xx/Include -I../Drivers/CMSIS/Include -O0 -ffunction-sections -fdata-sections -Wall -fstack-usage -fcyclomatic-complexity -MMD -MP -MF"Core/Src/main.d" -MT"Core/Src/main.o" --specs=nano.specs -mfpu=fpv4-sp-d16 -mfloat-abi=hard -mthumb -o "Core/Src/main.o"
../Core/Src/main.c:28:9: error: expected '=', ',', ';', 'asm' or '__attribute__' before 'buffer'
   28 | char rx buffer[MAX_LEN];
      |         ^~~~~~
../Core/Src/main.c: In function 'main':
../Core/Src/main.c:115:19: error: 'rx_buffer' undeclared (first use in this function); did you mean 'setbuffer'?
  115 |                   rx_buffer[rx_index] = '\0';                  //terminate string
      |                   ^~~~~~~~~
      |                   setbuffer
../Core/Src/main.c:115:19: note: each undeclared identifier is reported only once for each function it appears in
make: *** [Core/Src/subdir.mk:34: Core/Src/main.o] Error 1
"make -j12 all" terminated with exit code 2. Build might be incomplete.
14:53:44 **** Incremental Build of configuration Debug for project buzzerq1 ****
make -j12 all 
arm-none-eabi-size  buzzerq1.elf 
   text	   data	    bss	    dec	    hex	filename
  11296	    104	   2088	  13488	   34b0	buzzerq1.elf
Finished building: default.size.stdout
 
14:53:45 **** Incremental Build of configuration Debug for project buzzerq2 ****
make -j12 all 
arm-none-eabi-gcc "../Core/Src/main.c" -mcpu=cortex-m4 -std=gnu11 -g3 -DDEBUG -DUSE_HAL_DRIVER -DSTM32F407xx -c -I../Core/Inc -I../Drivers/STM32F4xx_HAL_Driver/Inc -I../Drivers/STM32F4xx_HAL_Driver/Inc/Legacy -I../Drivers/CMSIS/Device/ST/STM32F4xx/Include -I../Drivers/CMSIS/Include -O0 -ffunction-sections -fdata-sections -Wall -fstack-usage -fcyclomatic-complexity -MMD -MP -MF"Core/Src/main.d" -MT"Core/Src/main.o" --specs=nano.specs -mfpu=fpv4-sp-d16 -mfloat-abi=hard -mthumb -o "Core/Src/main.o"
../Core/Src/main.c:28:9: error: expected '=', ',', ';', 'asm' or '__attribute__' before 'buffer'
   28 | char rx buffer[MAX_LEN];
      |         ^~~~~~
../Core/Src/main.c: In function 'main':
../Core/Src/main.c:115:19: error: 'rx_buffer' undeclared (first use in this function); did you mean 'setbuffer'?
  115 |                   rx_buffer[rx_index] = '\0'                  //terminate string
      |                   ^~~~~~~~~
      |                   setbuffer
../Core/Src/main.c:115:19: note: each undeclared identifier is reported only once for each function it appears in
../Core/Src/main.c:115:45: error: expected ';' before 'char'
  115 |                   rx_buffer[rx_index] = '\0'                  //terminate string
      |                                             ^
      |                                             ;
  116 | 
  117 |                   char msg1[]= "\r\nYou Sent: ";
      |                   ~~~~                       
../Core/Src/main.c:118:55: error: 'msg1' undeclared (first use in this function)
  118 |                   HAL_UART_Transmit(&huart2,(uint8_t*)msg1, strlen(msg1),HAL_MAX_DELAY);
      |                                                       ^~~~
make: *** [Core/Src/subdir.mk:34: Core/Src/main.o] Error 1
"make -j12 all" terminated with exit code 2. Build might be incomplete.
14:53:52 **** Incremental Build of configuration Debug for project buzzerq1 ****
make -j12 all 
arm-none-eabi-size  buzzerq1.elf 
   text	   data	    bss	    dec	    hex	filename
  11296	    104	   2088	  13488	   34b0	buzzerq1.elf
Finished building: default.size.stdout
 
14:53:53 **** Incremental Build of configuration Debug for project buzzerq2 ****
make -j12 all 
arm-none-eabi-gcc "../Core/Src/main.c" -mcpu=cortex-m4 -std=gnu11 -g3 -DDEBUG -DUSE_HAL_DRIVER -DSTM32F407xx -c -I../Core/Inc -I../Drivers/STM32F4xx_HAL_Driver/Inc -I../Drivers/STM32F4xx_HAL_Driver/Inc/Legacy -I../Drivers/CMSIS/Device/ST/STM32F4xx/Include -I../Drivers/CMSIS/Include -O0 -ffunction-sections -fdata-sections -Wall -fstack-usage -fcyclomatic-complexity -MMD -MP -MF"Core/Src/main.d" -MT"Core/Src/main.o" --specs=nano.specs -mfpu=fpv4-sp-d16 -mfloat-abi=hard -mthumb -o "Core/Src/main.o"
../Core/Src/main.c:28:9: error: expected '=', ',', ';', 'asm' or '__attribute__' before 'buffer'
   28 | char rx buffer[MAX_LEN];
      |         ^~~~~~
../Core/Src/main.c: In function 'main':
../Core/Src/main.c:115:19: error: 'rx_buffer' undeclared (first use in this function); did you mean 'setbuffer'?
  115 |                   rx_buffer[rx_index] = '\0';                  //terminate string
      |                   ^~~~~~~~~
      |                   setbuffer
../Core/Src/main.c:115:19: note: each undeclared identifier is reported only once for each function it appears in
make: *** [Core/Src/subdir.mk:34: Core/Src/main.o] Error 1
"make -j12 all" terminated with exit code 2. Build might be incomplete.
14:54:52 **** Incremental Build of configuration Debug for project buzzerq1 ****
make -j12 all 
arm-none-eabi-size  buzzerq1.elf 
   text	   data	    bss	    dec	    hex	filename
  11296	    104	   2088	  13488	   34b0	buzzerq1.elf
Finished building: default.size.stdout
 
14:54:53 **** Incremental Build of configuration Debug for project buzzerq2 ****
make -j12 all 
arm-none-eabi-gcc "../Core/Src/main.c" -mcpu=cortex-m4 -std=gnu11 -g3 -DDEBUG -DUSE_HAL_DRIVER -DSTM32F407xx -c -I../Core/Inc -I../Drivers/STM32F4xx_HAL_Driver/Inc -I../Drivers/STM32F4xx_HAL_Driver/Inc/Legacy -I../Drivers/CMSIS/Device/ST/STM32F4xx/Include -I../Drivers/CMSIS/Include -O0 -ffunction-sections -fdata-sections -Wall -fstack-usage -fcyclomatic-complexity -MMD -MP -MF"Core/Src/main.d" -MT"Core/Src/main.o" --specs=nano.specs -mfpu=fpv4-sp-d16 -mfloat-abi=hard -mthumb -o "Core/Src/main.o"
../Core/Src/main.c:28:9: error: expected '=', ',', ';', 'asm' or '__attribute__' before 'buffer'
   28 | char rx buffer[MAX_LEN];
      |         ^~~~~~
../Core/Src/main.c: In function 'main':
../Core/Src/main.c:113:14: warning: suggest parentheses around assignment used as truth value [-Wparentheses]
  113 |           if(rx_byte = '\r')
      |              ^~~~~~~
../Core/Src/main.c:115:19: error: 'rx_buffer' undeclared (first use in this function); did you mean 'setbuffer'?
  115 |                   rx_buffer[rx_index] = '\0';                  //terminate string
      |                   ^~~~~~~~~
      |                   setbuffer
../Core/Src/main.c:115:19: note: each undeclared identifier is reported only once for each function it appears in
make: *** [Core/Src/subdir.mk:34: Core/Src/main.o] Error 1
"make -j12 all" terminated with exit code 2. Build might be incomplete.
14:55:08 **** Incremental Build of configuration Debug for project buzzerq1 ****
make -j12 all 
arm-none-eabi-size  buzzerq1.elf 
   text	   data	    bss	    dec	    hex	filename
  11296	    104	   2088	  13488	   34b0	buzzerq1.elf
Finished building: default.size.stdout
 
14:55:08 **** Incremental Build of configuration Debug for project buzzerq2 ****
make -j12 all 
arm-none-eabi-gcc "../Core/Src/main.c" -mcpu=cortex-m4 -std=gnu11 -g3 -DDEBUG -DUSE_HAL_DRIVER -DSTM32F407xx -c -I../Core/Inc -I../Drivers/STM32F4xx_HAL_Driver/Inc -I../Drivers/STM32F4xx_HAL_Driver/Inc/Legacy -I../Drivers/CMSIS/Device/ST/STM32F4xx/Include -I../Drivers/CMSIS/Include -O0 -ffunction-sections -fdata-sections -Wall -fstack-usage -fcyclomatic-complexity -MMD -MP -MF"Core/Src/main.d" -MT"Core/Src/main.o" --specs=nano.specs -mfpu=fpv4-sp-d16 -mfloat-abi=hard -mthumb -o "Core/Src/main.o"
../Core/Src/main.c:28:9: error: expected '=', ',', ';', 'asm' or '__attribute__' before 'buffer'
   28 | char rx buffer[MAX_LEN];
      |         ^~~~~~
../Core/Src/main.c: In function 'main':
../Core/Src/main.c:115:19: error: 'rx_buffer' undeclared (first use in this function); did you mean 'setbuffer'?
  115 |                   rx_buffer[rx_index] = '\r';                  //terminate string
      |                   ^~~~~~~~~
      |                   setbuffer
../Core/Src/main.c:115:19: note: each undeclared identifier is reported only once for each function it appears in
make: *** [Core/Src/subdir.mk:34: Core/Src/main.o] Error 1
"make -j12 all" terminated with exit code 2. Build might be incomplete.
14:56:25 **** Incremental Build of configuration Debug for project buzzerq1 ****
make -j12 all 
arm-none-eabi-size  buzzerq1.elf 
   text	   data	    bss	    dec	    hex	filename
  11296	    104	   2088	  13488	   34b0	buzzerq1.elf
Finished building: default.size.stdout
 
14:56:26 **** Incremental Build of configuration Debug for project buzzerq2 ****
make -j12 all 
arm-none-eabi-gcc "../Core/Src/main.c" -mcpu=cortex-m4 -std=gnu11 -g3 -DDEBUG -DUSE_HAL_DRIVER -DSTM32F407xx -c -I../Core/Inc -I../Drivers/STM32F4xx_HAL_Driver/Inc -I../Drivers/STM32F4xx_HAL_Driver/Inc/Legacy -I../Drivers/CMSIS/Device/ST/STM32F4xx/Include -I../Drivers/CMSIS/Include -O0 -ffunction-sections -fdata-sections -Wall -fstack-usage -fcyclomatic-complexity -MMD -MP -MF"Core/Src/main.d" -MT"Core/Src/main.o" --specs=nano.specs -mfpu=fpv4-sp-d16 -mfloat-abi=hard -mthumb -o "Core/Src/main.o"
../Core/Src/main.c:28:9: error: expected '=', ',', ';', 'asm' or '__attribute__' before 'buffer'
   28 | char rx buffer[MAX_LEN];
      |         ^~~~~~
../Core/Src/main.c: In function 'main':
../Core/Src/main.c:115:19: error: 'rx_buffer' undeclared (first use in this function); did you mean 'setbuffer'?
  115 |                   rx_buffer[rx_index] = '\0';                  //terminate string
      |                   ^~~~~~~~~
      |                   setbuffer
../Core/Src/main.c:115:19: note: each undeclared identifier is reported only once for each function it appears in
make: *** [Core/Src/subdir.mk:34: Core/Src/main.o] Error 1
"make -j12 all" terminated with exit code 2. Build might be incomplete.
14:57:30 **** Incremental Build of configuration Debug for project buzzerq1 ****
make -j12 all 
arm-none-eabi-size  buzzerq1.elf 
   text	   data	    bss	    dec	    hex	filename
  11296	    104	   2088	  13488	   34b0	buzzerq1.elf
Finished building: default.size.stdout
 
14:57:31 **** Incremental Build of configuration Debug for project buzzerq2 ****
make -j12 all 
arm-none-eabi-gcc "../Core/Src/main.c" -mcpu=cortex-m4 -std=gnu11 -g3 -DDEBUG -DUSE_HAL_DRIVER -DSTM32F407xx -c -I../Core/Inc -I../Drivers/STM32F4xx_HAL_Driver/Inc -I../Drivers/STM32F4xx_HAL_Driver/Inc/Legacy -I../Drivers/CMSIS/Device/ST/STM32F4xx/Include -I../Drivers/CMSIS/Include -O0 -ffunction-sections -fdata-sections -Wall -fstack-usage -fcyclomatic-complexity -MMD -MP -MF"Core/Src/main.d" -MT"Core/Src/main.o" --specs=nano.specs -mfpu=fpv4-sp-d16 -mfloat-abi=hard -mthumb -o "Core/Src/main.o"
arm-none-eabi-gcc -o "buzzerq2.elf" @"objects.list"   -mcpu=cortex-m4 -T"F:\assg 6\buzzerq2\STM32F407VGTX_FLASH.ld" --specs=nosys.specs -Wl,-Map="buzzerq2.map" -Wl,--gc-sections -static --specs=nano.specs -mfpu=fpv4-sp-d16 -mfloat-abi=hard -mthumb -Wl,--start-group -lc -lm -Wl,--end-group
Finished building target: buzzerq2.elf
 
arm-none-eabi-size  buzzerq2.elf 
arm-none-eabi-objdump -h -S buzzerq2.elf  > "buzzerq2.list"
   text	   data	    bss	    dec	    hex	filename
  12012	     92	   2084	  14188	   376c	buzzerq2.elf
Finished building: default.size.stdout
 
Finished building: buzzerq2.list
 
14:58:30 **** Incremental Build of configuration Debug for project buzzerq1 ****
make -j12 all 
arm-none-eabi-size  buzzerq1.elf 
   text	   data	    bss	    dec	    hex	filename
  11296	    104	   2088	  13488	   34b0	buzzerq1.elf
Finished building: default.size.stdout
 
14:58:30 **** Incremental Build of configuration Debug for project buzzerq2 ****
make -j12 all 
arm-none-eabi-size  buzzerq2.elf 
   text	   data	    bss	    dec	    hex	filename
  12012	     92	   2084	  14188	   376c	buzzerq2.elf
Finished building: default.size.stdout
 
14:58:35 **** Incremental Build of configuration Debug for project buzzerq1 ****
make -j12 all 
arm-none-eabi-size  buzzerq1.elf 
   text	   data	    bss	    dec	    hex	filename
  11296	    104	   2088	  13488	   34b0	buzzerq1.elf
Finished building: default.size.stdout
 
14:58:36 **** Incremental Build of configuration Debug for project buzzerq2 ****
make -j12 all 
arm-none-eabi-size  buzzerq2.elf 
   text	   data	    bss	    dec	    hex	filename
  12012	     92	   2084	  14188	   376c	buzzerq2.elf
Finished building: default.size.stdout
 
